<?xml version="1.0" encoding="UTF-8"?>
<testsuites>
  <testsuite name="SyntaxTest" file="/Users/kei/work/wordpress-site/themes/kei-portfolio/tests/SyntaxTest.php" tests="284" assertions="1127" errors="141" warnings="0" failures="1" skipped="0" time="2.245356">
    <testsuite name="SyntaxTest::testPhpSyntax" tests="47" assertions="94" errors="0" warnings="0" failures="0" skipped="0" time="2.230133">
      <testcase name="testPhpSyntax with data set #0" class="SyntaxTest" classname="SyntaxTest" file="/Users/kei/work/wordpress-site/themes/kei-portfolio/tests/SyntaxTest.php" line="41" assertions="2" time="0.053563"/>
      <testcase name="testPhpSyntax with data set #1" class="SyntaxTest" classname="SyntaxTest" file="/Users/kei/work/wordpress-site/themes/kei-portfolio/tests/SyntaxTest.php" line="41" assertions="2" time="0.042506"/>
      <testcase name="testPhpSyntax with data set #2" class="SyntaxTest" classname="SyntaxTest" file="/Users/kei/work/wordpress-site/themes/kei-portfolio/tests/SyntaxTest.php" line="41" assertions="2" time="0.044415"/>
      <testcase name="testPhpSyntax with data set #3" class="SyntaxTest" classname="SyntaxTest" file="/Users/kei/work/wordpress-site/themes/kei-portfolio/tests/SyntaxTest.php" line="41" assertions="2" time="0.053224"/>
      <testcase name="testPhpSyntax with data set #4" class="SyntaxTest" classname="SyntaxTest" file="/Users/kei/work/wordpress-site/themes/kei-portfolio/tests/SyntaxTest.php" line="41" assertions="2" time="0.042476"/>
      <testcase name="testPhpSyntax with data set #5" class="SyntaxTest" classname="SyntaxTest" file="/Users/kei/work/wordpress-site/themes/kei-portfolio/tests/SyntaxTest.php" line="41" assertions="2" time="0.045984"/>
      <testcase name="testPhpSyntax with data set #6" class="SyntaxTest" classname="SyntaxTest" file="/Users/kei/work/wordpress-site/themes/kei-portfolio/tests/SyntaxTest.php" line="41" assertions="2" time="0.053065"/>
      <testcase name="testPhpSyntax with data set #7" class="SyntaxTest" classname="SyntaxTest" file="/Users/kei/work/wordpress-site/themes/kei-portfolio/tests/SyntaxTest.php" line="41" assertions="2" time="0.050128"/>
      <testcase name="testPhpSyntax with data set #8" class="SyntaxTest" classname="SyntaxTest" file="/Users/kei/work/wordpress-site/themes/kei-portfolio/tests/SyntaxTest.php" line="41" assertions="2" time="0.112883"/>
      <testcase name="testPhpSyntax with data set #9" class="SyntaxTest" classname="SyntaxTest" file="/Users/kei/work/wordpress-site/themes/kei-portfolio/tests/SyntaxTest.php" line="41" assertions="2" time="0.051464"/>
      <testcase name="testPhpSyntax with data set #10" class="SyntaxTest" classname="SyntaxTest" file="/Users/kei/work/wordpress-site/themes/kei-portfolio/tests/SyntaxTest.php" line="41" assertions="2" time="0.046283"/>
      <testcase name="testPhpSyntax with data set #11" class="SyntaxTest" classname="SyntaxTest" file="/Users/kei/work/wordpress-site/themes/kei-portfolio/tests/SyntaxTest.php" line="41" assertions="2" time="0.044144"/>
      <testcase name="testPhpSyntax with data set #12" class="SyntaxTest" classname="SyntaxTest" file="/Users/kei/work/wordpress-site/themes/kei-portfolio/tests/SyntaxTest.php" line="41" assertions="2" time="0.043757"/>
      <testcase name="testPhpSyntax with data set #13" class="SyntaxTest" classname="SyntaxTest" file="/Users/kei/work/wordpress-site/themes/kei-portfolio/tests/SyntaxTest.php" line="41" assertions="2" time="0.043058"/>
      <testcase name="testPhpSyntax with data set #14" class="SyntaxTest" classname="SyntaxTest" file="/Users/kei/work/wordpress-site/themes/kei-portfolio/tests/SyntaxTest.php" line="41" assertions="2" time="0.047152"/>
      <testcase name="testPhpSyntax with data set #15" class="SyntaxTest" classname="SyntaxTest" file="/Users/kei/work/wordpress-site/themes/kei-portfolio/tests/SyntaxTest.php" line="41" assertions="2" time="0.043866"/>
      <testcase name="testPhpSyntax with data set #16" class="SyntaxTest" classname="SyntaxTest" file="/Users/kei/work/wordpress-site/themes/kei-portfolio/tests/SyntaxTest.php" line="41" assertions="2" time="0.053667"/>
      <testcase name="testPhpSyntax with data set #17" class="SyntaxTest" classname="SyntaxTest" file="/Users/kei/work/wordpress-site/themes/kei-portfolio/tests/SyntaxTest.php" line="41" assertions="2" time="0.042366"/>
      <testcase name="testPhpSyntax with data set #18" class="SyntaxTest" classname="SyntaxTest" file="/Users/kei/work/wordpress-site/themes/kei-portfolio/tests/SyntaxTest.php" line="41" assertions="2" time="0.044657"/>
      <testcase name="testPhpSyntax with data set #19" class="SyntaxTest" classname="SyntaxTest" file="/Users/kei/work/wordpress-site/themes/kei-portfolio/tests/SyntaxTest.php" line="41" assertions="2" time="0.043600"/>
      <testcase name="testPhpSyntax with data set #20" class="SyntaxTest" classname="SyntaxTest" file="/Users/kei/work/wordpress-site/themes/kei-portfolio/tests/SyntaxTest.php" line="41" assertions="2" time="0.045256"/>
      <testcase name="testPhpSyntax with data set #21" class="SyntaxTest" classname="SyntaxTest" file="/Users/kei/work/wordpress-site/themes/kei-portfolio/tests/SyntaxTest.php" line="41" assertions="2" time="0.044247"/>
      <testcase name="testPhpSyntax with data set #22" class="SyntaxTest" classname="SyntaxTest" file="/Users/kei/work/wordpress-site/themes/kei-portfolio/tests/SyntaxTest.php" line="41" assertions="2" time="0.046361"/>
      <testcase name="testPhpSyntax with data set #23" class="SyntaxTest" classname="SyntaxTest" file="/Users/kei/work/wordpress-site/themes/kei-portfolio/tests/SyntaxTest.php" line="41" assertions="2" time="0.044055"/>
      <testcase name="testPhpSyntax with data set #24" class="SyntaxTest" classname="SyntaxTest" file="/Users/kei/work/wordpress-site/themes/kei-portfolio/tests/SyntaxTest.php" line="41" assertions="2" time="0.045650"/>
      <testcase name="testPhpSyntax with data set #25" class="SyntaxTest" classname="SyntaxTest" file="/Users/kei/work/wordpress-site/themes/kei-portfolio/tests/SyntaxTest.php" line="41" assertions="2" time="0.047709"/>
      <testcase name="testPhpSyntax with data set #26" class="SyntaxTest" classname="SyntaxTest" file="/Users/kei/work/wordpress-site/themes/kei-portfolio/tests/SyntaxTest.php" line="41" assertions="2" time="0.042728"/>
      <testcase name="testPhpSyntax with data set #27" class="SyntaxTest" classname="SyntaxTest" file="/Users/kei/work/wordpress-site/themes/kei-portfolio/tests/SyntaxTest.php" line="41" assertions="2" time="0.042964"/>
      <testcase name="testPhpSyntax with data set #28" class="SyntaxTest" classname="SyntaxTest" file="/Users/kei/work/wordpress-site/themes/kei-portfolio/tests/SyntaxTest.php" line="41" assertions="2" time="0.042184"/>
      <testcase name="testPhpSyntax with data set #29" class="SyntaxTest" classname="SyntaxTest" file="/Users/kei/work/wordpress-site/themes/kei-portfolio/tests/SyntaxTest.php" line="41" assertions="2" time="0.044599"/>
      <testcase name="testPhpSyntax with data set #30" class="SyntaxTest" classname="SyntaxTest" file="/Users/kei/work/wordpress-site/themes/kei-portfolio/tests/SyntaxTest.php" line="41" assertions="2" time="0.043713"/>
      <testcase name="testPhpSyntax with data set #31" class="SyntaxTest" classname="SyntaxTest" file="/Users/kei/work/wordpress-site/themes/kei-portfolio/tests/SyntaxTest.php" line="41" assertions="2" time="0.050100"/>
      <testcase name="testPhpSyntax with data set #32" class="SyntaxTest" classname="SyntaxTest" file="/Users/kei/work/wordpress-site/themes/kei-portfolio/tests/SyntaxTest.php" line="41" assertions="2" time="0.044986"/>
      <testcase name="testPhpSyntax with data set #33" class="SyntaxTest" classname="SyntaxTest" file="/Users/kei/work/wordpress-site/themes/kei-portfolio/tests/SyntaxTest.php" line="41" assertions="2" time="0.051085"/>
      <testcase name="testPhpSyntax with data set #34" class="SyntaxTest" classname="SyntaxTest" file="/Users/kei/work/wordpress-site/themes/kei-portfolio/tests/SyntaxTest.php" line="41" assertions="2" time="0.047782"/>
      <testcase name="testPhpSyntax with data set #35" class="SyntaxTest" classname="SyntaxTest" file="/Users/kei/work/wordpress-site/themes/kei-portfolio/tests/SyntaxTest.php" line="41" assertions="2" time="0.042479"/>
      <testcase name="testPhpSyntax with data set #36" class="SyntaxTest" classname="SyntaxTest" file="/Users/kei/work/wordpress-site/themes/kei-portfolio/tests/SyntaxTest.php" line="41" assertions="2" time="0.043362"/>
      <testcase name="testPhpSyntax with data set #37" class="SyntaxTest" classname="SyntaxTest" file="/Users/kei/work/wordpress-site/themes/kei-portfolio/tests/SyntaxTest.php" line="41" assertions="2" time="0.042849"/>
      <testcase name="testPhpSyntax with data set #38" class="SyntaxTest" classname="SyntaxTest" file="/Users/kei/work/wordpress-site/themes/kei-portfolio/tests/SyntaxTest.php" line="41" assertions="2" time="0.054832"/>
      <testcase name="testPhpSyntax with data set #39" class="SyntaxTest" classname="SyntaxTest" file="/Users/kei/work/wordpress-site/themes/kei-portfolio/tests/SyntaxTest.php" line="41" assertions="2" time="0.042886"/>
      <testcase name="testPhpSyntax with data set #40" class="SyntaxTest" classname="SyntaxTest" file="/Users/kei/work/wordpress-site/themes/kei-portfolio/tests/SyntaxTest.php" line="41" assertions="2" time="0.048338"/>
      <testcase name="testPhpSyntax with data set #41" class="SyntaxTest" classname="SyntaxTest" file="/Users/kei/work/wordpress-site/themes/kei-portfolio/tests/SyntaxTest.php" line="41" assertions="2" time="0.050231"/>
      <testcase name="testPhpSyntax with data set #42" class="SyntaxTest" classname="SyntaxTest" file="/Users/kei/work/wordpress-site/themes/kei-portfolio/tests/SyntaxTest.php" line="41" assertions="2" time="0.042334"/>
      <testcase name="testPhpSyntax with data set #43" class="SyntaxTest" classname="SyntaxTest" file="/Users/kei/work/wordpress-site/themes/kei-portfolio/tests/SyntaxTest.php" line="41" assertions="2" time="0.042528"/>
      <testcase name="testPhpSyntax with data set #44" class="SyntaxTest" classname="SyntaxTest" file="/Users/kei/work/wordpress-site/themes/kei-portfolio/tests/SyntaxTest.php" line="41" assertions="2" time="0.043770"/>
      <testcase name="testPhpSyntax with data set #45" class="SyntaxTest" classname="SyntaxTest" file="/Users/kei/work/wordpress-site/themes/kei-portfolio/tests/SyntaxTest.php" line="41" assertions="2" time="0.042285"/>
      <testcase name="testPhpSyntax with data set #46" class="SyntaxTest" classname="SyntaxTest" file="/Users/kei/work/wordpress-site/themes/kei-portfolio/tests/SyntaxTest.php" line="41" assertions="2" time="0.048560"/>
    </testsuite>
    <testcase name="testCriticalFilesExist" class="SyntaxTest" classname="SyntaxTest" file="/Users/kei/work/wordpress-site/themes/kei-portfolio/tests/SyntaxTest.php" line="68" assertions="80" time="0.001690"/>
    <testsuite name="SyntaxTest::testCommonSyntaxIssues" tests="47" assertions="59" errors="47" warnings="0" failures="0" skipped="0" time="0.005688">
      <testcase name="testCommonSyntaxIssues with data set #0" class="SyntaxTest" classname="SyntaxTest" file="/Users/kei/work/wordpress-site/themes/kei-portfolio/tests/SyntaxTest.php" line="124" assertions="2" time="0.001294">
        <error type="Error">SyntaxTest::testCommonSyntaxIssues with data set #0 ('/Users/kei/work/wordpress-sit...ns.php')
Error: Call to undefined method SyntaxTest::assertStringNotStartsWith()

/Users/kei/work/wordpress-site/themes/kei-portfolio/tests/SyntaxTest.php:145</error>
      </testcase>
      <testcase name="testCommonSyntaxIssues with data set #1" class="SyntaxTest" classname="SyntaxTest" file="/Users/kei/work/wordpress-site/themes/kei-portfolio/tests/SyntaxTest.php" line="124" assertions="1" time="0.000081">
        <error type="Error">SyntaxTest::testCommonSyntaxIssues with data set #1 ('/Users/kei/work/wordpress-sit...04.php')
Error: Call to undefined method SyntaxTest::assertStringNotStartsWith()

/Users/kei/work/wordpress-site/themes/kei-portfolio/tests/SyntaxTest.php:145</error>
      </testcase>
      <testcase name="testCommonSyntaxIssues with data set #2" class="SyntaxTest" classname="SyntaxTest" file="/Users/kei/work/wordpress-site/themes/kei-portfolio/tests/SyntaxTest.php" line="124" assertions="2" time="0.000120">
        <error type="Error">SyntaxTest::testCommonSyntaxIssues with data set #2 ('/Users/kei/work/wordpress-sit...ts.php')
Error: Call to undefined method SyntaxTest::assertStringNotStartsWith()

/Users/kei/work/wordpress-site/themes/kei-portfolio/tests/SyntaxTest.php:145</error>
      </testcase>
      <testcase name="testCommonSyntaxIssues with data set #3" class="SyntaxTest" classname="SyntaxTest" file="/Users/kei/work/wordpress-site/themes/kei-portfolio/tests/SyntaxTest.php" line="124" assertions="2" time="0.000087">
        <error type="Error">SyntaxTest::testCommonSyntaxIssues with data set #3 ('/Users/kei/work/wordpress-sit...ts.php')
Error: Call to undefined method SyntaxTest::assertStringNotStartsWith()

/Users/kei/work/wordpress-site/themes/kei-portfolio/tests/SyntaxTest.php:145</error>
      </testcase>
      <testcase name="testCommonSyntaxIssues with data set #4" class="SyntaxTest" classname="SyntaxTest" file="/Users/kei/work/wordpress-site/themes/kei-portfolio/tests/SyntaxTest.php" line="124" assertions="2" time="0.000251">
        <error type="Error">SyntaxTest::testCommonSyntaxIssues with data set #4 ('/Users/kei/work/wordpress-sit...ta.php')
Error: Call to undefined method SyntaxTest::assertStringNotStartsWith()

/Users/kei/work/wordpress-site/themes/kei-portfolio/tests/SyntaxTest.php:145</error>
      </testcase>
      <testcase name="testCommonSyntaxIssues with data set #5" class="SyntaxTest" classname="SyntaxTest" file="/Users/kei/work/wordpress-site/themes/kei-portfolio/tests/SyntaxTest.php" line="124" assertions="1" time="0.000069">
        <error type="Error">SyntaxTest::testCommonSyntaxIssues with data set #5 ('/Users/kei/work/wordpress-sit...ue.php')
Error: Call to undefined method SyntaxTest::assertStringNotStartsWith()

/Users/kei/work/wordpress-site/themes/kei-portfolio/tests/SyntaxTest.php:145</error>
      </testcase>
      <testcase name="testCommonSyntaxIssues with data set #6" class="SyntaxTest" classname="SyntaxTest" file="/Users/kei/work/wordpress-site/themes/kei-portfolio/tests/SyntaxTest.php" line="124" assertions="2" time="0.000095">
        <error type="Error">SyntaxTest::testCommonSyntaxIssues with data set #6 ('/Users/kei/work/wordpress-sit...er.php')
Error: Call to undefined method SyntaxTest::assertStringNotStartsWith()

/Users/kei/work/wordpress-site/themes/kei-portfolio/tests/SyntaxTest.php:145</error>
      </testcase>
      <testcase name="testCommonSyntaxIssues with data set #7" class="SyntaxTest" classname="SyntaxTest" file="/Users/kei/work/wordpress-site/themes/kei-portfolio/tests/SyntaxTest.php" line="124" assertions="2" time="0.000140">
        <error type="Error">SyntaxTest::testCommonSyntaxIssues with data set #7 ('/Users/kei/work/wordpress-sit...or.php')
Error: Call to undefined method SyntaxTest::assertStringNotStartsWith()

/Users/kei/work/wordpress-site/themes/kei-portfolio/tests/SyntaxTest.php:145</error>
      </testcase>
      <testcase name="testCommonSyntaxIssues with data set #8" class="SyntaxTest" classname="SyntaxTest" file="/Users/kei/work/wordpress-site/themes/kei-portfolio/tests/SyntaxTest.php" line="124" assertions="1" time="0.000083">
        <error type="Error">SyntaxTest::testCommonSyntaxIssues with data set #8 ('/Users/kei/work/wordpress-sit...up.php')
Error: Call to undefined method SyntaxTest::assertStringNotStartsWith()

/Users/kei/work/wordpress-site/themes/kei-portfolio/tests/SyntaxTest.php:145</error>
      </testcase>
      <testcase name="testCommonSyntaxIssues with data set #9" class="SyntaxTest" classname="SyntaxTest" file="/Users/kei/work/wordpress-site/themes/kei-portfolio/tests/SyntaxTest.php" line="124" assertions="2" time="0.000071">
        <error type="Error">SyntaxTest::testCommonSyntaxIssues with data set #9 ('/Users/kei/work/wordpress-sit...rs.php')
Error: Call to undefined method SyntaxTest::assertStringNotStartsWith()

/Users/kei/work/wordpress-site/themes/kei-portfolio/tests/SyntaxTest.php:145</error>
      </testcase>
      <testcase name="testCommonSyntaxIssues with data set #10" class="SyntaxTest" classname="SyntaxTest" file="/Users/kei/work/wordpress-site/themes/kei-portfolio/tests/SyntaxTest.php" line="124" assertions="2" time="0.000109">
        <error type="Error">SyntaxTest::testCommonSyntaxIssues with data set #10 ('/Users/kei/work/wordpress-sit...es.php')
Error: Call to undefined method SyntaxTest::assertStringNotStartsWith()

/Users/kei/work/wordpress-site/themes/kei-portfolio/tests/SyntaxTest.php:145</error>
      </testcase>
      <testcase name="testCommonSyntaxIssues with data set #11" class="SyntaxTest" classname="SyntaxTest" file="/Users/kei/work/wordpress-site/themes/kei-portfolio/tests/SyntaxTest.php" line="124" assertions="2" time="0.000043">
        <error type="Error">SyntaxTest::testCommonSyntaxIssues with data set #11 ('/Users/kei/work/wordpress-sit...ns.php')
Error: Call to undefined method SyntaxTest::assertStringNotStartsWith()

/Users/kei/work/wordpress-site/themes/kei-portfolio/tests/SyntaxTest.php:145</error>
      </testcase>
      <testcase name="testCommonSyntaxIssues with data set #12" class="SyntaxTest" classname="SyntaxTest" file="/Users/kei/work/wordpress-site/themes/kei-portfolio/tests/SyntaxTest.php" line="124" assertions="1" time="0.000100">
        <error type="Error">SyntaxTest::testCommonSyntaxIssues with data set #12 ('/Users/kei/work/wordpress-sit...ct.php')
Error: Call to undefined method SyntaxTest::assertStringNotStartsWith()

/Users/kei/work/wordpress-site/themes/kei-portfolio/tests/SyntaxTest.php:145</error>
      </testcase>
      <testcase name="testCommonSyntaxIssues with data set #13" class="SyntaxTest" classname="SyntaxTest" file="/Users/kei/work/wordpress-site/themes/kei-portfolio/tests/SyntaxTest.php" line="124" assertions="1" time="0.000083">
        <error type="Error">SyntaxTest::testCommonSyntaxIssues with data set #13 ('/Users/kei/work/wordpress-sit...ct.php')
Error: Call to undefined method SyntaxTest::assertStringNotStartsWith()

/Users/kei/work/wordpress-site/themes/kei-portfolio/tests/SyntaxTest.php:145</error>
      </testcase>
      <testcase name="testCommonSyntaxIssues with data set #14" class="SyntaxTest" classname="SyntaxTest" file="/Users/kei/work/wordpress-site/themes/kei-portfolio/tests/SyntaxTest.php" line="124" assertions="1" time="0.000105">
        <error type="Error">SyntaxTest::testCommonSyntaxIssues with data set #14 ('/Users/kei/work/wordpress-sit...ex.php')
Error: Call to undefined method SyntaxTest::assertStringNotStartsWith()

/Users/kei/work/wordpress-site/themes/kei-portfolio/tests/SyntaxTest.php:145</error>
      </testcase>
      <testcase name="testCommonSyntaxIssues with data set #15" class="SyntaxTest" classname="SyntaxTest" file="/Users/kei/work/wordpress-site/themes/kei-portfolio/tests/SyntaxTest.php" line="124" assertions="1" time="0.000101">
        <error type="Error">SyntaxTest::testCommonSyntaxIssues with data set #15 ('/Users/kei/work/wordpress-sit...io.php')
Error: Call to undefined method SyntaxTest::assertStringNotStartsWith()

/Users/kei/work/wordpress-site/themes/kei-portfolio/tests/SyntaxTest.php:145</error>
      </testcase>
      <testcase name="testCommonSyntaxIssues with data set #16" class="SyntaxTest" classname="SyntaxTest" file="/Users/kei/work/wordpress-site/themes/kei-portfolio/tests/SyntaxTest.php" line="124" assertions="1" time="0.000156">
        <error type="Error">SyntaxTest::testCommonSyntaxIssues with data set #16 ('/Users/kei/work/wordpress-sit...ls.php')
Error: Call to undefined method SyntaxTest::assertStringNotStartsWith()

/Users/kei/work/wordpress-site/themes/kei-portfolio/tests/SyntaxTest.php:145</error>
      </testcase>
      <testcase name="testCommonSyntaxIssues with data set #17" class="SyntaxTest" classname="SyntaxTest" file="/Users/kei/work/wordpress-site/themes/kei-portfolio/tests/SyntaxTest.php" line="124" assertions="1" time="0.000049">
        <error type="Error">SyntaxTest::testCommonSyntaxIssues with data set #17 ('/Users/kei/work/wordpress-sit...er.php')
Error: Call to undefined method SyntaxTest::assertStringNotStartsWith()

/Users/kei/work/wordpress-site/themes/kei-portfolio/tests/SyntaxTest.php:145</error>
      </testcase>
      <testcase name="testCommonSyntaxIssues with data set #18" class="SyntaxTest" classname="SyntaxTest" file="/Users/kei/work/wordpress-site/themes/kei-portfolio/tests/SyntaxTest.php" line="124" assertions="1" time="0.000041">
        <error type="Error">SyntaxTest::testCommonSyntaxIssues with data set #18 ('/Users/kei/work/wordpress-sit...ct.php')
Error: Call to undefined method SyntaxTest::assertStringNotStartsWith()

/Users/kei/work/wordpress-site/themes/kei-portfolio/tests/SyntaxTest.php:145</error>
      </testcase>
      <testcase name="testCommonSyntaxIssues with data set #19" class="SyntaxTest" classname="SyntaxTest" file="/Users/kei/work/wordpress-site/themes/kei-portfolio/tests/SyntaxTest.php" line="124" assertions="1" time="0.000038">
        <error type="Error">SyntaxTest::testCommonSyntaxIssues with data set #19 ('/Users/kei/work/wordpress-sit...io.php')
Error: Call to undefined method SyntaxTest::assertStringNotStartsWith()

/Users/kei/work/wordpress-site/themes/kei-portfolio/tests/SyntaxTest.php:145</error>
      </testcase>
      <testcase name="testCommonSyntaxIssues with data set #20" class="SyntaxTest" classname="SyntaxTest" file="/Users/kei/work/wordpress-site/themes/kei-portfolio/tests/SyntaxTest.php" line="124" assertions="1" time="0.000037">
        <error type="Error">SyntaxTest::testCommonSyntaxIssues with data set #20 ('/Users/kei/work/wordpress-sit...ls.php')
Error: Call to undefined method SyntaxTest::assertStringNotStartsWith()

/Users/kei/work/wordpress-site/themes/kei-portfolio/tests/SyntaxTest.php:145</error>
      </testcase>
      <testcase name="testCommonSyntaxIssues with data set #21" class="SyntaxTest" classname="SyntaxTest" file="/Users/kei/work/wordpress-site/themes/kei-portfolio/tests/SyntaxTest.php" line="124" assertions="1" time="0.000069">
        <error type="Error">SyntaxTest::testCommonSyntaxIssues with data set #21 ('/Users/kei/work/wordpress-sit...ut.php')
Error: Call to undefined method SyntaxTest::assertStringNotStartsWith()

/Users/kei/work/wordpress-site/themes/kei-portfolio/tests/SyntaxTest.php:145</error>
      </testcase>
      <testcase name="testCommonSyntaxIssues with data set #22" class="SyntaxTest" classname="SyntaxTest" file="/Users/kei/work/wordpress-site/themes/kei-portfolio/tests/SyntaxTest.php" line="124" assertions="1" time="0.000036">
        <error type="Error">SyntaxTest::testCommonSyntaxIssues with data set #22 ('/Users/kei/work/wordpress-sit...ut.php')
Error: Call to undefined method SyntaxTest::assertStringNotStartsWith()

/Users/kei/work/wordpress-site/themes/kei-portfolio/tests/SyntaxTest.php:145</error>
      </testcase>
      <testcase name="testCommonSyntaxIssues with data set #23" class="SyntaxTest" classname="SyntaxTest" file="/Users/kei/work/wordpress-site/themes/kei-portfolio/tests/SyntaxTest.php" line="124" assertions="1" time="0.000072">
        <error type="Error">SyntaxTest::testCommonSyntaxIssues with data set #23 ('/Users/kei/work/wordpress-sit...fo.php')
Error: Call to undefined method SyntaxTest::assertStringNotStartsWith()

/Users/kei/work/wordpress-site/themes/kei-portfolio/tests/SyntaxTest.php:145</error>
      </testcase>
      <testcase name="testCommonSyntaxIssues with data set #24" class="SyntaxTest" classname="SyntaxTest" file="/Users/kei/work/wordpress-site/themes/kei-portfolio/tests/SyntaxTest.php" line="124" assertions="1" time="0.000044">
        <error type="Error">SyntaxTest::testCommonSyntaxIssues with data set #24 ('/Users/kei/work/wordpress-sit...ro.php')
Error: Call to undefined method SyntaxTest::assertStringNotStartsWith()

/Users/kei/work/wordpress-site/themes/kei-portfolio/tests/SyntaxTest.php:145</error>
      </testcase>
      <testcase name="testCommonSyntaxIssues with data set #25" class="SyntaxTest" classname="SyntaxTest" file="/Users/kei/work/wordpress-site/themes/kei-portfolio/tests/SyntaxTest.php" line="124" assertions="1" time="0.000062">
        <error type="Error">SyntaxTest::testCommonSyntaxIssues with data set #25 ('/Users/kei/work/wordpress-sit...rm.php')
Error: Call to undefined method SyntaxTest::assertStringNotStartsWith()

/Users/kei/work/wordpress-site/themes/kei-portfolio/tests/SyntaxTest.php:145</error>
      </testcase>
      <testcase name="testCommonSyntaxIssues with data set #26" class="SyntaxTest" classname="SyntaxTest" file="/Users/kei/work/wordpress-site/themes/kei-portfolio/tests/SyntaxTest.php" line="124" assertions="1" time="0.000061">
        <error type="Error">SyntaxTest::testCommonSyntaxIssues with data set #26 ('/Users/kei/work/wordpress-sit...on.php')
Error: Call to undefined method SyntaxTest::assertStringNotStartsWith()

/Users/kei/work/wordpress-site/themes/kei-portfolio/tests/SyntaxTest.php:145</error>
      </testcase>
      <testcase name="testCommonSyntaxIssues with data set #27" class="SyntaxTest" classname="SyntaxTest" file="/Users/kei/work/wordpress-site/themes/kei-portfolio/tests/SyntaxTest.php" line="124" assertions="1" time="0.000044">
        <error type="Error">SyntaxTest::testCommonSyntaxIssues with data set #27 ('/Users/kei/work/wordpress-sit...ro.php')
Error: Call to undefined method SyntaxTest::assertStringNotStartsWith()

/Users/kei/work/wordpress-site/themes/kei-portfolio/tests/SyntaxTest.php:145</error>
      </testcase>
      <testcase name="testCommonSyntaxIssues with data set #28" class="SyntaxTest" classname="SyntaxTest" file="/Users/kei/work/wordpress-site/themes/kei-portfolio/tests/SyntaxTest.php" line="124" assertions="1" time="0.000063">
        <error type="Error">SyntaxTest::testCommonSyntaxIssues with data set #28 ('/Users/kei/work/wordpress-sit...ry.php')
Error: Call to undefined method SyntaxTest::assertStringNotStartsWith()

/Users/kei/work/wordpress-site/themes/kei-portfolio/tests/SyntaxTest.php:145</error>
      </testcase>
      <testcase name="testCommonSyntaxIssues with data set #29" class="SyntaxTest" classname="SyntaxTest" file="/Users/kei/work/wordpress-site/themes/kei-portfolio/tests/SyntaxTest.php" line="124" assertions="1" time="0.000065">
        <error type="Error">SyntaxTest::testCommonSyntaxIssues with data set #29 ('/Users/kei/work/wordpress-sit...on.php')
Error: Call to undefined method SyntaxTest::assertStringNotStartsWith()

/Users/kei/work/wordpress-site/themes/kei-portfolio/tests/SyntaxTest.php:145</error>
      </testcase>
      <testcase name="testCommonSyntaxIssues with data set #30" class="SyntaxTest" classname="SyntaxTest" file="/Users/kei/work/wordpress-site/themes/kei-portfolio/tests/SyntaxTest.php" line="124" assertions="1" time="0.000107">
        <error type="Error">SyntaxTest::testCommonSyntaxIssues with data set #30 ('/Users/kei/work/wordpress-sit...ts.php')
Error: Call to undefined method SyntaxTest::assertStringNotStartsWith()

/Users/kei/work/wordpress-site/themes/kei-portfolio/tests/SyntaxTest.php:145</error>
      </testcase>
      <testcase name="testCommonSyntaxIssues with data set #31" class="SyntaxTest" classname="SyntaxTest" file="/Users/kei/work/wordpress-site/themes/kei-portfolio/tests/SyntaxTest.php" line="124" assertions="1" time="0.000100">
        <error type="Error">SyntaxTest::testCommonSyntaxIssues with data set #31 ('/Users/kei/work/wordpress-sit...ts.php')
Error: Call to undefined method SyntaxTest::assertStringNotStartsWith()

/Users/kei/work/wordpress-site/themes/kei-portfolio/tests/SyntaxTest.php:145</error>
      </testcase>
      <testcase name="testCommonSyntaxIssues with data set #32" class="SyntaxTest" classname="SyntaxTest" file="/Users/kei/work/wordpress-site/themes/kei-portfolio/tests/SyntaxTest.php" line="124" assertions="1" time="0.000070">
        <error type="Error">SyntaxTest::testCommonSyntaxIssues with data set #32 ('/Users/kei/work/wordpress-sit...ch.php')
Error: Call to undefined method SyntaxTest::assertStringNotStartsWith()

/Users/kei/work/wordpress-site/themes/kei-portfolio/tests/SyntaxTest.php:145</error>
      </testcase>
      <testcase name="testCommonSyntaxIssues with data set #33" class="SyntaxTest" classname="SyntaxTest" file="/Users/kei/work/wordpress-site/themes/kei-portfolio/tests/SyntaxTest.php" line="124" assertions="1" time="0.000051">
        <error type="Error">SyntaxTest::testCommonSyntaxIssues with data set #33 ('/Users/kei/work/wordpress-sit...ro.php')
Error: Call to undefined method SyntaxTest::assertStringNotStartsWith()

/Users/kei/work/wordpress-site/themes/kei-portfolio/tests/SyntaxTest.php:145</error>
      </testcase>
      <testcase name="testCommonSyntaxIssues with data set #34" class="SyntaxTest" classname="SyntaxTest" file="/Users/kei/work/wordpress-site/themes/kei-portfolio/tests/SyntaxTest.php" line="124" assertions="1" time="0.000075">
        <error type="Error">SyntaxTest::testCommonSyntaxIssues with data set #34 ('/Users/kei/work/wordpress-sit...es.php')
Error: Call to undefined method SyntaxTest::assertStringNotStartsWith()

/Users/kei/work/wordpress-site/themes/kei-portfolio/tests/SyntaxTest.php:145</error>
      </testcase>
      <testcase name="testCommonSyntaxIssues with data set #35" class="SyntaxTest" classname="SyntaxTest" file="/Users/kei/work/wordpress-site/themes/kei-portfolio/tests/SyntaxTest.php" line="124" assertions="1" time="0.000091">
        <error type="Error">SyntaxTest::testCommonSyntaxIssues with data set #35 ('/Users/kei/work/wordpress-sit...ch.php')
Error: Call to undefined method SyntaxTest::assertStringNotStartsWith()

/Users/kei/work/wordpress-site/themes/kei-portfolio/tests/SyntaxTest.php:145</error>
      </testcase>
      <testcase name="testCommonSyntaxIssues with data set #36" class="SyntaxTest" classname="SyntaxTest" file="/Users/kei/work/wordpress-site/themes/kei-portfolio/tests/SyntaxTest.php" line="124" assertions="1" time="0.000084">
        <error type="Error">SyntaxTest::testCommonSyntaxIssues with data set #36 ('/Users/kei/work/wordpress-sit...ls.php')
Error: Call to undefined method SyntaxTest::assertStringNotStartsWith()

/Users/kei/work/wordpress-site/themes/kei-portfolio/tests/SyntaxTest.php:145</error>
      </testcase>
      <testcase name="testCommonSyntaxIssues with data set #37" class="SyntaxTest" classname="SyntaxTest" file="/Users/kei/work/wordpress-site/themes/kei-portfolio/tests/SyntaxTest.php" line="124" assertions="1" time="0.000106">
        <error type="Error">SyntaxTest::testCommonSyntaxIssues with data set #37 ('/Users/kei/work/wordpress-sit...ls.php')
Error: Call to undefined method SyntaxTest::assertStringNotStartsWith()

/Users/kei/work/wordpress-site/themes/kei-portfolio/tests/SyntaxTest.php:145</error>
      </testcase>
      <testcase name="testCommonSyntaxIssues with data set #38" class="SyntaxTest" classname="SyntaxTest" file="/Users/kei/work/wordpress-site/themes/kei-portfolio/tests/SyntaxTest.php" line="124" assertions="1" time="0.000037">
        <error type="Error">SyntaxTest::testCommonSyntaxIssues with data set #38 ('/Users/kei/work/wordpress-sit...ro.php')
Error: Call to undefined method SyntaxTest::assertStringNotStartsWith()

/Users/kei/work/wordpress-site/themes/kei-portfolio/tests/SyntaxTest.php:145</error>
      </testcase>
      <testcase name="testCommonSyntaxIssues with data set #39" class="SyntaxTest" classname="SyntaxTest" file="/Users/kei/work/wordpress-site/themes/kei-portfolio/tests/SyntaxTest.php" line="124" assertions="2" time="0.000057">
        <error type="Error">SyntaxTest::testCommonSyntaxIssues with data set #39 ('/Users/kei/work/wordpress-sit...ap.php')
Error: Call to undefined method SyntaxTest::assertStringNotStartsWith()

/Users/kei/work/wordpress-site/themes/kei-portfolio/tests/SyntaxTest.php:145</error>
      </testcase>
      <testcase name="testCommonSyntaxIssues with data set #40" class="SyntaxTest" classname="SyntaxTest" file="/Users/kei/work/wordpress-site/themes/kei-portfolio/tests/SyntaxTest.php" line="124" assertions="1" time="0.000055">
        <error type="Error">SyntaxTest::testCommonSyntaxIssues with data set #40 ('/Users/kei/work/wordpress-sit...er.php')
Error: Call to undefined method SyntaxTest::assertStringNotStartsWith()

/Users/kei/work/wordpress-site/themes/kei-portfolio/tests/SyntaxTest.php:145</error>
      </testcase>
      <testcase name="testCommonSyntaxIssues with data set #41" class="SyntaxTest" classname="SyntaxTest" file="/Users/kei/work/wordpress-site/themes/kei-portfolio/tests/SyntaxTest.php" line="124" assertions="2" time="0.000141">
        <error type="Error">SyntaxTest::testCommonSyntaxIssues with data set #41 ('/Users/kei/work/wordpress-sit...er.php')
Error: Call to undefined method SyntaxTest::assertStringNotStartsWith()

/Users/kei/work/wordpress-site/themes/kei-portfolio/tests/SyntaxTest.php:145</error>
      </testcase>
      <testcase name="testCommonSyntaxIssues with data set #42" class="SyntaxTest" classname="SyntaxTest" file="/Users/kei/work/wordpress-site/themes/kei-portfolio/tests/SyntaxTest.php" line="124" assertions="1" time="0.000045">
        <error type="Error">SyntaxTest::testCommonSyntaxIssues with data set #42 ('/Users/kei/work/wordpress-sit...ge.php')
Error: Call to undefined method SyntaxTest::assertStringNotStartsWith()

/Users/kei/work/wordpress-site/themes/kei-portfolio/tests/SyntaxTest.php:145</error>
      </testcase>
      <testcase name="testCommonSyntaxIssues with data set #43" class="SyntaxTest" classname="SyntaxTest" file="/Users/kei/work/wordpress-site/themes/kei-portfolio/tests/SyntaxTest.php" line="124" assertions="2" time="0.000736">
        <error type="Error">SyntaxTest::testCommonSyntaxIssues with data set #43 ('/Users/kei/work/wordpress-sit...up.php')
Error: Call to undefined method SyntaxTest::assertStringNotStartsWith()

/Users/kei/work/wordpress-site/themes/kei-portfolio/tests/SyntaxTest.php:145</error>
      </testcase>
      <testcase name="testCommonSyntaxIssues with data set #44" class="SyntaxTest" classname="SyntaxTest" file="/Users/kei/work/wordpress-site/themes/kei-portfolio/tests/SyntaxTest.php" line="124" assertions="1" time="0.000085">
        <error type="Error">SyntaxTest::testCommonSyntaxIssues with data set #44 ('/Users/kei/work/wordpress-sit...ge.php')
Error: Call to undefined method SyntaxTest::assertStringNotStartsWith()

/Users/kei/work/wordpress-site/themes/kei-portfolio/tests/SyntaxTest.php:145</error>
      </testcase>
      <testcase name="testCommonSyntaxIssues with data set #45" class="SyntaxTest" classname="SyntaxTest" file="/Users/kei/work/wordpress-site/themes/kei-portfolio/tests/SyntaxTest.php" line="124" assertions="1" time="0.000060">
        <error type="Error">SyntaxTest::testCommonSyntaxIssues with data set #45 ('/Users/kei/work/wordpress-sit...ut.php')
Error: Call to undefined method SyntaxTest::assertStringNotStartsWith()

/Users/kei/work/wordpress-site/themes/kei-portfolio/tests/SyntaxTest.php:145</error>
      </testcase>
      <testcase name="testCommonSyntaxIssues with data set #46" class="SyntaxTest" classname="SyntaxTest" file="/Users/kei/work/wordpress-site/themes/kei-portfolio/tests/SyntaxTest.php" line="124" assertions="1" time="0.000116">
        <error type="Error">SyntaxTest::testCommonSyntaxIssues with data set #46 ('/Users/kei/work/wordpress-sit...ct.php')
Error: Call to undefined method SyntaxTest::assertStringNotStartsWith()

/Users/kei/work/wordpress-site/themes/kei-portfolio/tests/SyntaxTest.php:145</error>
      </testcase>
    </testsuite>
    <testsuite name="SyntaxTest::testPhpVersionCompatibility" tests="47" assertions="0" errors="47" warnings="0" failures="0" skipped="0" time="0.001521">
      <testcase name="testPhpVersionCompatibility with data set #0" class="SyntaxTest" classname="SyntaxTest" file="/Users/kei/work/wordpress-site/themes/kei-portfolio/tests/SyntaxTest.php" line="157" assertions="0" time="0.000056">
        <error type="PHPUnit\Framework\RiskyTestError">SyntaxTest::testPhpVersionCompatibility with data set #0 ('/Users/kei/work/wordpress-sit...ns.php')
This test did not perform any assertions

/Users/kei/work/wordpress-site/themes/kei-portfolio/tests/SyntaxTest.php:157</error>
      </testcase>
      <testcase name="testPhpVersionCompatibility with data set #1" class="SyntaxTest" classname="SyntaxTest" file="/Users/kei/work/wordpress-site/themes/kei-portfolio/tests/SyntaxTest.php" line="157" assertions="0" time="0.000060">
        <error type="PHPUnit\Framework\RiskyTestError">SyntaxTest::testPhpVersionCompatibility with data set #1 ('/Users/kei/work/wordpress-sit...04.php')
This test did not perform any assertions

/Users/kei/work/wordpress-site/themes/kei-portfolio/tests/SyntaxTest.php:157</error>
      </testcase>
      <testcase name="testPhpVersionCompatibility with data set #2" class="SyntaxTest" classname="SyntaxTest" file="/Users/kei/work/wordpress-site/themes/kei-portfolio/tests/SyntaxTest.php" line="157" assertions="0" time="0.000047">
        <error type="PHPUnit\Framework\RiskyTestError">SyntaxTest::testPhpVersionCompatibility with data set #2 ('/Users/kei/work/wordpress-sit...ts.php')
This test did not perform any assertions

/Users/kei/work/wordpress-site/themes/kei-portfolio/tests/SyntaxTest.php:157</error>
      </testcase>
      <testcase name="testPhpVersionCompatibility with data set #3" class="SyntaxTest" classname="SyntaxTest" file="/Users/kei/work/wordpress-site/themes/kei-portfolio/tests/SyntaxTest.php" line="157" assertions="0" time="0.000035">
        <error type="PHPUnit\Framework\RiskyTestError">SyntaxTest::testPhpVersionCompatibility with data set #3 ('/Users/kei/work/wordpress-sit...ts.php')
This test did not perform any assertions

/Users/kei/work/wordpress-site/themes/kei-portfolio/tests/SyntaxTest.php:157</error>
      </testcase>
      <testcase name="testPhpVersionCompatibility with data set #4" class="SyntaxTest" classname="SyntaxTest" file="/Users/kei/work/wordpress-site/themes/kei-portfolio/tests/SyntaxTest.php" line="157" assertions="0" time="0.000038">
        <error type="PHPUnit\Framework\RiskyTestError">SyntaxTest::testPhpVersionCompatibility with data set #4 ('/Users/kei/work/wordpress-sit...ta.php')
This test did not perform any assertions

/Users/kei/work/wordpress-site/themes/kei-portfolio/tests/SyntaxTest.php:157</error>
      </testcase>
      <testcase name="testPhpVersionCompatibility with data set #5" class="SyntaxTest" classname="SyntaxTest" file="/Users/kei/work/wordpress-site/themes/kei-portfolio/tests/SyntaxTest.php" line="157" assertions="0" time="0.000064">
        <error type="PHPUnit\Framework\RiskyTestError">SyntaxTest::testPhpVersionCompatibility with data set #5 ('/Users/kei/work/wordpress-sit...ue.php')
This test did not perform any assertions

/Users/kei/work/wordpress-site/themes/kei-portfolio/tests/SyntaxTest.php:157</error>
      </testcase>
      <testcase name="testPhpVersionCompatibility with data set #6" class="SyntaxTest" classname="SyntaxTest" file="/Users/kei/work/wordpress-site/themes/kei-portfolio/tests/SyntaxTest.php" line="157" assertions="0" time="0.000036">
        <error type="PHPUnit\Framework\RiskyTestError">SyntaxTest::testPhpVersionCompatibility with data set #6 ('/Users/kei/work/wordpress-sit...er.php')
This test did not perform any assertions

/Users/kei/work/wordpress-site/themes/kei-portfolio/tests/SyntaxTest.php:157</error>
      </testcase>
      <testcase name="testPhpVersionCompatibility with data set #7" class="SyntaxTest" classname="SyntaxTest" file="/Users/kei/work/wordpress-site/themes/kei-portfolio/tests/SyntaxTest.php" line="157" assertions="0" time="0.000034">
        <error type="PHPUnit\Framework\RiskyTestError">SyntaxTest::testPhpVersionCompatibility with data set #7 ('/Users/kei/work/wordpress-sit...or.php')
This test did not perform any assertions

/Users/kei/work/wordpress-site/themes/kei-portfolio/tests/SyntaxTest.php:157</error>
      </testcase>
      <testcase name="testPhpVersionCompatibility with data set #8" class="SyntaxTest" classname="SyntaxTest" file="/Users/kei/work/wordpress-site/themes/kei-portfolio/tests/SyntaxTest.php" line="157" assertions="0" time="0.000031">
        <error type="PHPUnit\Framework\RiskyTestError">SyntaxTest::testPhpVersionCompatibility with data set #8 ('/Users/kei/work/wordpress-sit...up.php')
This test did not perform any assertions

/Users/kei/work/wordpress-site/themes/kei-portfolio/tests/SyntaxTest.php:157</error>
      </testcase>
      <testcase name="testPhpVersionCompatibility with data set #9" class="SyntaxTest" classname="SyntaxTest" file="/Users/kei/work/wordpress-site/themes/kei-portfolio/tests/SyntaxTest.php" line="157" assertions="0" time="0.000027">
        <error type="PHPUnit\Framework\RiskyTestError">SyntaxTest::testPhpVersionCompatibility with data set #9 ('/Users/kei/work/wordpress-sit...rs.php')
This test did not perform any assertions

/Users/kei/work/wordpress-site/themes/kei-portfolio/tests/SyntaxTest.php:157</error>
      </testcase>
      <testcase name="testPhpVersionCompatibility with data set #10" class="SyntaxTest" classname="SyntaxTest" file="/Users/kei/work/wordpress-site/themes/kei-portfolio/tests/SyntaxTest.php" line="157" assertions="0" time="0.000029">
        <error type="PHPUnit\Framework\RiskyTestError">SyntaxTest::testPhpVersionCompatibility with data set #10 ('/Users/kei/work/wordpress-sit...es.php')
This test did not perform any assertions

/Users/kei/work/wordpress-site/themes/kei-portfolio/tests/SyntaxTest.php:157</error>
      </testcase>
      <testcase name="testPhpVersionCompatibility with data set #11" class="SyntaxTest" classname="SyntaxTest" file="/Users/kei/work/wordpress-site/themes/kei-portfolio/tests/SyntaxTest.php" line="157" assertions="0" time="0.000026">
        <error type="PHPUnit\Framework\RiskyTestError">SyntaxTest::testPhpVersionCompatibility with data set #11 ('/Users/kei/work/wordpress-sit...ns.php')
This test did not perform any assertions

/Users/kei/work/wordpress-site/themes/kei-portfolio/tests/SyntaxTest.php:157</error>
      </testcase>
      <testcase name="testPhpVersionCompatibility with data set #12" class="SyntaxTest" classname="SyntaxTest" file="/Users/kei/work/wordpress-site/themes/kei-portfolio/tests/SyntaxTest.php" line="157" assertions="0" time="0.000032">
        <error type="PHPUnit\Framework\RiskyTestError">SyntaxTest::testPhpVersionCompatibility with data set #12 ('/Users/kei/work/wordpress-sit...ct.php')
This test did not perform any assertions

/Users/kei/work/wordpress-site/themes/kei-portfolio/tests/SyntaxTest.php:157</error>
      </testcase>
      <testcase name="testPhpVersionCompatibility with data set #13" class="SyntaxTest" classname="SyntaxTest" file="/Users/kei/work/wordpress-site/themes/kei-portfolio/tests/SyntaxTest.php" line="157" assertions="0" time="0.000032">
        <error type="PHPUnit\Framework\RiskyTestError">SyntaxTest::testPhpVersionCompatibility with data set #13 ('/Users/kei/work/wordpress-sit...ct.php')
This test did not perform any assertions

/Users/kei/work/wordpress-site/themes/kei-portfolio/tests/SyntaxTest.php:157</error>
      </testcase>
      <testcase name="testPhpVersionCompatibility with data set #14" class="SyntaxTest" classname="SyntaxTest" file="/Users/kei/work/wordpress-site/themes/kei-portfolio/tests/SyntaxTest.php" line="157" assertions="0" time="0.000025">
        <error type="PHPUnit\Framework\RiskyTestError">SyntaxTest::testPhpVersionCompatibility with data set #14 ('/Users/kei/work/wordpress-sit...ex.php')
This test did not perform any assertions

/Users/kei/work/wordpress-site/themes/kei-portfolio/tests/SyntaxTest.php:157</error>
      </testcase>
      <testcase name="testPhpVersionCompatibility with data set #15" class="SyntaxTest" classname="SyntaxTest" file="/Users/kei/work/wordpress-site/themes/kei-portfolio/tests/SyntaxTest.php" line="157" assertions="0" time="0.000034">
        <error type="PHPUnit\Framework\RiskyTestError">SyntaxTest::testPhpVersionCompatibility with data set #15 ('/Users/kei/work/wordpress-sit...io.php')
This test did not perform any assertions

/Users/kei/work/wordpress-site/themes/kei-portfolio/tests/SyntaxTest.php:157</error>
      </testcase>
      <testcase name="testPhpVersionCompatibility with data set #16" class="SyntaxTest" classname="SyntaxTest" file="/Users/kei/work/wordpress-site/themes/kei-portfolio/tests/SyntaxTest.php" line="157" assertions="0" time="0.000030">
        <error type="PHPUnit\Framework\RiskyTestError">SyntaxTest::testPhpVersionCompatibility with data set #16 ('/Users/kei/work/wordpress-sit...ls.php')
This test did not perform any assertions

/Users/kei/work/wordpress-site/themes/kei-portfolio/tests/SyntaxTest.php:157</error>
      </testcase>
      <testcase name="testPhpVersionCompatibility with data set #17" class="SyntaxTest" classname="SyntaxTest" file="/Users/kei/work/wordpress-site/themes/kei-portfolio/tests/SyntaxTest.php" line="157" assertions="0" time="0.000026">
        <error type="PHPUnit\Framework\RiskyTestError">SyntaxTest::testPhpVersionCompatibility with data set #17 ('/Users/kei/work/wordpress-sit...er.php')
This test did not perform any assertions

/Users/kei/work/wordpress-site/themes/kei-portfolio/tests/SyntaxTest.php:157</error>
      </testcase>
      <testcase name="testPhpVersionCompatibility with data set #18" class="SyntaxTest" classname="SyntaxTest" file="/Users/kei/work/wordpress-site/themes/kei-portfolio/tests/SyntaxTest.php" line="157" assertions="0" time="0.000025">
        <error type="PHPUnit\Framework\RiskyTestError">SyntaxTest::testPhpVersionCompatibility with data set #18 ('/Users/kei/work/wordpress-sit...ct.php')
This test did not perform any assertions

/Users/kei/work/wordpress-site/themes/kei-portfolio/tests/SyntaxTest.php:157</error>
      </testcase>
      <testcase name="testPhpVersionCompatibility with data set #19" class="SyntaxTest" classname="SyntaxTest" file="/Users/kei/work/wordpress-site/themes/kei-portfolio/tests/SyntaxTest.php" line="157" assertions="0" time="0.000025">
        <error type="PHPUnit\Framework\RiskyTestError">SyntaxTest::testPhpVersionCompatibility with data set #19 ('/Users/kei/work/wordpress-sit...io.php')
This test did not perform any assertions

/Users/kei/work/wordpress-site/themes/kei-portfolio/tests/SyntaxTest.php:157</error>
      </testcase>
      <testcase name="testPhpVersionCompatibility with data set #20" class="SyntaxTest" classname="SyntaxTest" file="/Users/kei/work/wordpress-site/themes/kei-portfolio/tests/SyntaxTest.php" line="157" assertions="0" time="0.000026">
        <error type="PHPUnit\Framework\RiskyTestError">SyntaxTest::testPhpVersionCompatibility with data set #20 ('/Users/kei/work/wordpress-sit...ls.php')
This test did not perform any assertions

/Users/kei/work/wordpress-site/themes/kei-portfolio/tests/SyntaxTest.php:157</error>
      </testcase>
      <testcase name="testPhpVersionCompatibility with data set #21" class="SyntaxTest" classname="SyntaxTest" file="/Users/kei/work/wordpress-site/themes/kei-portfolio/tests/SyntaxTest.php" line="157" assertions="0" time="0.000030">
        <error type="PHPUnit\Framework\RiskyTestError">SyntaxTest::testPhpVersionCompatibility with data set #21 ('/Users/kei/work/wordpress-sit...ut.php')
This test did not perform any assertions

/Users/kei/work/wordpress-site/themes/kei-portfolio/tests/SyntaxTest.php:157</error>
      </testcase>
      <testcase name="testPhpVersionCompatibility with data set #22" class="SyntaxTest" classname="SyntaxTest" file="/Users/kei/work/wordpress-site/themes/kei-portfolio/tests/SyntaxTest.php" line="157" assertions="0" time="0.000025">
        <error type="PHPUnit\Framework\RiskyTestError">SyntaxTest::testPhpVersionCompatibility with data set #22 ('/Users/kei/work/wordpress-sit...ut.php')
This test did not perform any assertions

/Users/kei/work/wordpress-site/themes/kei-portfolio/tests/SyntaxTest.php:157</error>
      </testcase>
      <testcase name="testPhpVersionCompatibility with data set #23" class="SyntaxTest" classname="SyntaxTest" file="/Users/kei/work/wordpress-site/themes/kei-portfolio/tests/SyntaxTest.php" line="157" assertions="0" time="0.000027">
        <error type="PHPUnit\Framework\RiskyTestError">SyntaxTest::testPhpVersionCompatibility with data set #23 ('/Users/kei/work/wordpress-sit...fo.php')
This test did not perform any assertions

/Users/kei/work/wordpress-site/themes/kei-portfolio/tests/SyntaxTest.php:157</error>
      </testcase>
      <testcase name="testPhpVersionCompatibility with data set #24" class="SyntaxTest" classname="SyntaxTest" file="/Users/kei/work/wordpress-site/themes/kei-portfolio/tests/SyntaxTest.php" line="157" assertions="0" time="0.000025">
        <error type="PHPUnit\Framework\RiskyTestError">SyntaxTest::testPhpVersionCompatibility with data set #24 ('/Users/kei/work/wordpress-sit...ro.php')
This test did not perform any assertions

/Users/kei/work/wordpress-site/themes/kei-portfolio/tests/SyntaxTest.php:157</error>
      </testcase>
      <testcase name="testPhpVersionCompatibility with data set #25" class="SyntaxTest" classname="SyntaxTest" file="/Users/kei/work/wordpress-site/themes/kei-portfolio/tests/SyntaxTest.php" line="157" assertions="0" time="0.000032">
        <error type="PHPUnit\Framework\RiskyTestError">SyntaxTest::testPhpVersionCompatibility with data set #25 ('/Users/kei/work/wordpress-sit...rm.php')
This test did not perform any assertions

/Users/kei/work/wordpress-site/themes/kei-portfolio/tests/SyntaxTest.php:157</error>
      </testcase>
      <testcase name="testPhpVersionCompatibility with data set #26" class="SyntaxTest" classname="SyntaxTest" file="/Users/kei/work/wordpress-site/themes/kei-portfolio/tests/SyntaxTest.php" line="157" assertions="0" time="0.000026">
        <error type="PHPUnit\Framework\RiskyTestError">SyntaxTest::testPhpVersionCompatibility with data set #26 ('/Users/kei/work/wordpress-sit...on.php')
This test did not perform any assertions

/Users/kei/work/wordpress-site/themes/kei-portfolio/tests/SyntaxTest.php:157</error>
      </testcase>
      <testcase name="testPhpVersionCompatibility with data set #27" class="SyntaxTest" classname="SyntaxTest" file="/Users/kei/work/wordpress-site/themes/kei-portfolio/tests/SyntaxTest.php" line="157" assertions="0" time="0.000027">
        <error type="PHPUnit\Framework\RiskyTestError">SyntaxTest::testPhpVersionCompatibility with data set #27 ('/Users/kei/work/wordpress-sit...ro.php')
This test did not perform any assertions

/Users/kei/work/wordpress-site/themes/kei-portfolio/tests/SyntaxTest.php:157</error>
      </testcase>
      <testcase name="testPhpVersionCompatibility with data set #28" class="SyntaxTest" classname="SyntaxTest" file="/Users/kei/work/wordpress-site/themes/kei-portfolio/tests/SyntaxTest.php" line="157" assertions="0" time="0.000026">
        <error type="PHPUnit\Framework\RiskyTestError">SyntaxTest::testPhpVersionCompatibility with data set #28 ('/Users/kei/work/wordpress-sit...ry.php')
This test did not perform any assertions

/Users/kei/work/wordpress-site/themes/kei-portfolio/tests/SyntaxTest.php:157</error>
      </testcase>
      <testcase name="testPhpVersionCompatibility with data set #29" class="SyntaxTest" classname="SyntaxTest" file="/Users/kei/work/wordpress-site/themes/kei-portfolio/tests/SyntaxTest.php" line="157" assertions="0" time="0.000028">
        <error type="PHPUnit\Framework\RiskyTestError">SyntaxTest::testPhpVersionCompatibility with data set #29 ('/Users/kei/work/wordpress-sit...on.php')
This test did not perform any assertions

/Users/kei/work/wordpress-site/themes/kei-portfolio/tests/SyntaxTest.php:157</error>
      </testcase>
      <testcase name="testPhpVersionCompatibility with data set #30" class="SyntaxTest" classname="SyntaxTest" file="/Users/kei/work/wordpress-site/themes/kei-portfolio/tests/SyntaxTest.php" line="157" assertions="0" time="0.000032">
        <error type="PHPUnit\Framework\RiskyTestError">SyntaxTest::testPhpVersionCompatibility with data set #30 ('/Users/kei/work/wordpress-sit...ts.php')
This test did not perform any assertions

/Users/kei/work/wordpress-site/themes/kei-portfolio/tests/SyntaxTest.php:157</error>
      </testcase>
      <testcase name="testPhpVersionCompatibility with data set #31" class="SyntaxTest" classname="SyntaxTest" file="/Users/kei/work/wordpress-site/themes/kei-portfolio/tests/SyntaxTest.php" line="157" assertions="0" time="0.000030">
        <error type="PHPUnit\Framework\RiskyTestError">SyntaxTest::testPhpVersionCompatibility with data set #31 ('/Users/kei/work/wordpress-sit...ts.php')
This test did not perform any assertions

/Users/kei/work/wordpress-site/themes/kei-portfolio/tests/SyntaxTest.php:157</error>
      </testcase>
      <testcase name="testPhpVersionCompatibility with data set #32" class="SyntaxTest" classname="SyntaxTest" file="/Users/kei/work/wordpress-site/themes/kei-portfolio/tests/SyntaxTest.php" line="157" assertions="0" time="0.000030">
        <error type="PHPUnit\Framework\RiskyTestError">SyntaxTest::testPhpVersionCompatibility with data set #32 ('/Users/kei/work/wordpress-sit...ch.php')
This test did not perform any assertions

/Users/kei/work/wordpress-site/themes/kei-portfolio/tests/SyntaxTest.php:157</error>
      </testcase>
      <testcase name="testPhpVersionCompatibility with data set #33" class="SyntaxTest" classname="SyntaxTest" file="/Users/kei/work/wordpress-site/themes/kei-portfolio/tests/SyntaxTest.php" line="157" assertions="0" time="0.000026">
        <error type="PHPUnit\Framework\RiskyTestError">SyntaxTest::testPhpVersionCompatibility with data set #33 ('/Users/kei/work/wordpress-sit...ro.php')
This test did not perform any assertions

/Users/kei/work/wordpress-site/themes/kei-portfolio/tests/SyntaxTest.php:157</error>
      </testcase>
      <testcase name="testPhpVersionCompatibility with data set #34" class="SyntaxTest" classname="SyntaxTest" file="/Users/kei/work/wordpress-site/themes/kei-portfolio/tests/SyntaxTest.php" line="157" assertions="0" time="0.000029">
        <error type="PHPUnit\Framework\RiskyTestError">SyntaxTest::testPhpVersionCompatibility with data set #34 ('/Users/kei/work/wordpress-sit...es.php')
This test did not perform any assertions

/Users/kei/work/wordpress-site/themes/kei-portfolio/tests/SyntaxTest.php:157</error>
      </testcase>
      <testcase name="testPhpVersionCompatibility with data set #35" class="SyntaxTest" classname="SyntaxTest" file="/Users/kei/work/wordpress-site/themes/kei-portfolio/tests/SyntaxTest.php" line="157" assertions="0" time="0.000029">
        <error type="PHPUnit\Framework\RiskyTestError">SyntaxTest::testPhpVersionCompatibility with data set #35 ('/Users/kei/work/wordpress-sit...ch.php')
This test did not perform any assertions

/Users/kei/work/wordpress-site/themes/kei-portfolio/tests/SyntaxTest.php:157</error>
      </testcase>
      <testcase name="testPhpVersionCompatibility with data set #36" class="SyntaxTest" classname="SyntaxTest" file="/Users/kei/work/wordpress-site/themes/kei-portfolio/tests/SyntaxTest.php" line="157" assertions="0" time="0.000027">
        <error type="PHPUnit\Framework\RiskyTestError">SyntaxTest::testPhpVersionCompatibility with data set #36 ('/Users/kei/work/wordpress-sit...ls.php')
This test did not perform any assertions

/Users/kei/work/wordpress-site/themes/kei-portfolio/tests/SyntaxTest.php:157</error>
      </testcase>
      <testcase name="testPhpVersionCompatibility with data set #37" class="SyntaxTest" classname="SyntaxTest" file="/Users/kei/work/wordpress-site/themes/kei-portfolio/tests/SyntaxTest.php" line="157" assertions="0" time="0.000029">
        <error type="PHPUnit\Framework\RiskyTestError">SyntaxTest::testPhpVersionCompatibility with data set #37 ('/Users/kei/work/wordpress-sit...ls.php')
This test did not perform any assertions

/Users/kei/work/wordpress-site/themes/kei-portfolio/tests/SyntaxTest.php:157</error>
      </testcase>
      <testcase name="testPhpVersionCompatibility with data set #38" class="SyntaxTest" classname="SyntaxTest" file="/Users/kei/work/wordpress-site/themes/kei-portfolio/tests/SyntaxTest.php" line="157" assertions="0" time="0.000025">
        <error type="PHPUnit\Framework\RiskyTestError">SyntaxTest::testPhpVersionCompatibility with data set #38 ('/Users/kei/work/wordpress-sit...ro.php')
This test did not perform any assertions

/Users/kei/work/wordpress-site/themes/kei-portfolio/tests/SyntaxTest.php:157</error>
      </testcase>
      <testcase name="testPhpVersionCompatibility with data set #39" class="SyntaxTest" classname="SyntaxTest" file="/Users/kei/work/wordpress-site/themes/kei-portfolio/tests/SyntaxTest.php" line="157" assertions="0" time="0.000024">
        <error type="PHPUnit\Framework\RiskyTestError">SyntaxTest::testPhpVersionCompatibility with data set #39 ('/Users/kei/work/wordpress-sit...ap.php')
This test did not perform any assertions

/Users/kei/work/wordpress-site/themes/kei-portfolio/tests/SyntaxTest.php:157</error>
      </testcase>
      <testcase name="testPhpVersionCompatibility with data set #40" class="SyntaxTest" classname="SyntaxTest" file="/Users/kei/work/wordpress-site/themes/kei-portfolio/tests/SyntaxTest.php" line="157" assertions="0" time="0.000027">
        <error type="PHPUnit\Framework\RiskyTestError">SyntaxTest::testPhpVersionCompatibility with data set #40 ('/Users/kei/work/wordpress-sit...er.php')
This test did not perform any assertions

/Users/kei/work/wordpress-site/themes/kei-portfolio/tests/SyntaxTest.php:157</error>
      </testcase>
      <testcase name="testPhpVersionCompatibility with data set #41" class="SyntaxTest" classname="SyntaxTest" file="/Users/kei/work/wordpress-site/themes/kei-portfolio/tests/SyntaxTest.php" line="157" assertions="0" time="0.000029">
        <error type="PHPUnit\Framework\RiskyTestError">SyntaxTest::testPhpVersionCompatibility with data set #41 ('/Users/kei/work/wordpress-sit...er.php')
This test did not perform any assertions

/Users/kei/work/wordpress-site/themes/kei-portfolio/tests/SyntaxTest.php:157</error>
      </testcase>
      <testcase name="testPhpVersionCompatibility with data set #42" class="SyntaxTest" classname="SyntaxTest" file="/Users/kei/work/wordpress-site/themes/kei-portfolio/tests/SyntaxTest.php" line="157" assertions="0" time="0.000025">
        <error type="PHPUnit\Framework\RiskyTestError">SyntaxTest::testPhpVersionCompatibility with data set #42 ('/Users/kei/work/wordpress-sit...ge.php')
This test did not perform any assertions

/Users/kei/work/wordpress-site/themes/kei-portfolio/tests/SyntaxTest.php:157</error>
      </testcase>
      <testcase name="testPhpVersionCompatibility with data set #43" class="SyntaxTest" classname="SyntaxTest" file="/Users/kei/work/wordpress-site/themes/kei-portfolio/tests/SyntaxTest.php" line="157" assertions="0" time="0.000081">
        <error type="PHPUnit\Framework\RiskyTestError">SyntaxTest::testPhpVersionCompatibility with data set #43 ('/Users/kei/work/wordpress-sit...up.php')
This test did not perform any assertions

/Users/kei/work/wordpress-site/themes/kei-portfolio/tests/SyntaxTest.php:157</error>
      </testcase>
      <testcase name="testPhpVersionCompatibility with data set #44" class="SyntaxTest" classname="SyntaxTest" file="/Users/kei/work/wordpress-site/themes/kei-portfolio/tests/SyntaxTest.php" line="157" assertions="0" time="0.000032">
        <error type="PHPUnit\Framework\RiskyTestError">SyntaxTest::testPhpVersionCompatibility with data set #44 ('/Users/kei/work/wordpress-sit...ge.php')
This test did not perform any assertions

/Users/kei/work/wordpress-site/themes/kei-portfolio/tests/SyntaxTest.php:157</error>
      </testcase>
      <testcase name="testPhpVersionCompatibility with data set #45" class="SyntaxTest" classname="SyntaxTest" file="/Users/kei/work/wordpress-site/themes/kei-portfolio/tests/SyntaxTest.php" line="157" assertions="0" time="0.000027">
        <error type="PHPUnit\Framework\RiskyTestError">SyntaxTest::testPhpVersionCompatibility with data set #45 ('/Users/kei/work/wordpress-sit...ut.php')
This test did not perform any assertions

/Users/kei/work/wordpress-site/themes/kei-portfolio/tests/SyntaxTest.php:157</error>
      </testcase>
      <testcase name="testPhpVersionCompatibility with data set #46" class="SyntaxTest" classname="SyntaxTest" file="/Users/kei/work/wordpress-site/themes/kei-portfolio/tests/SyntaxTest.php" line="157" assertions="0" time="0.000032">
        <error type="PHPUnit\Framework\RiskyTestError">SyntaxTest::testPhpVersionCompatibility with data set #46 ('/Users/kei/work/wordpress-sit...ct.php')
This test did not perform any assertions

/Users/kei/work/wordpress-site/themes/kei-portfolio/tests/SyntaxTest.php:157</error>
      </testcase>
    </testsuite>
    <testsuite name="SyntaxTest::testNoDebugCode" tests="47" assertions="329" errors="0" warnings="0" failures="1" skipped="0" time="0.002414">
      <testcase name="testNoDebugCode with data set #0" class="SyntaxTest" classname="SyntaxTest" file="/Users/kei/work/wordpress-site/themes/kei-portfolio/tests/SyntaxTest.php" line="185" assertions="7" time="0.000062"/>
      <testcase name="testNoDebugCode with data set #1" class="SyntaxTest" classname="SyntaxTest" file="/Users/kei/work/wordpress-site/themes/kei-portfolio/tests/SyntaxTest.php" line="185" assertions="7" time="0.000035"/>
      <testcase name="testNoDebugCode with data set #2" class="SyntaxTest" classname="SyntaxTest" file="/Users/kei/work/wordpress-site/themes/kei-portfolio/tests/SyntaxTest.php" line="185" assertions="7" time="0.000035"/>
      <testcase name="testNoDebugCode with data set #3" class="SyntaxTest" classname="SyntaxTest" file="/Users/kei/work/wordpress-site/themes/kei-portfolio/tests/SyntaxTest.php" line="185" assertions="7" time="0.000033"/>
      <testcase name="testNoDebugCode with data set #4" class="SyntaxTest" classname="SyntaxTest" file="/Users/kei/work/wordpress-site/themes/kei-portfolio/tests/SyntaxTest.php" line="185" assertions="7" time="0.000053"/>
      <testcase name="testNoDebugCode with data set #5" class="SyntaxTest" classname="SyntaxTest" file="/Users/kei/work/wordpress-site/themes/kei-portfolio/tests/SyntaxTest.php" line="185" assertions="7" time="0.000034"/>
      <testcase name="testNoDebugCode with data set #6" class="SyntaxTest" classname="SyntaxTest" file="/Users/kei/work/wordpress-site/themes/kei-portfolio/tests/SyntaxTest.php" line="185" assertions="7" time="0.000036"/>
      <testcase name="testNoDebugCode with data set #7" class="SyntaxTest" classname="SyntaxTest" file="/Users/kei/work/wordpress-site/themes/kei-portfolio/tests/SyntaxTest.php" line="185" assertions="7" time="0.000041"/>
      <testcase name="testNoDebugCode with data set #8" class="SyntaxTest" classname="SyntaxTest" file="/Users/kei/work/wordpress-site/themes/kei-portfolio/tests/SyntaxTest.php" line="185" assertions="7" time="0.000035"/>
      <testcase name="testNoDebugCode with data set #9" class="SyntaxTest" classname="SyntaxTest" file="/Users/kei/work/wordpress-site/themes/kei-portfolio/tests/SyntaxTest.php" line="185" assertions="7" time="0.000031"/>
      <testcase name="testNoDebugCode with data set #10" class="SyntaxTest" classname="SyntaxTest" file="/Users/kei/work/wordpress-site/themes/kei-portfolio/tests/SyntaxTest.php" line="185" assertions="7" time="0.000034"/>
      <testcase name="testNoDebugCode with data set #11" class="SyntaxTest" classname="SyntaxTest" file="/Users/kei/work/wordpress-site/themes/kei-portfolio/tests/SyntaxTest.php" line="185" assertions="7" time="0.000034"/>
      <testcase name="testNoDebugCode with data set #12" class="SyntaxTest" classname="SyntaxTest" file="/Users/kei/work/wordpress-site/themes/kei-portfolio/tests/SyntaxTest.php" line="185" assertions="7" time="0.000051"/>
      <testcase name="testNoDebugCode with data set #13" class="SyntaxTest" classname="SyntaxTest" file="/Users/kei/work/wordpress-site/themes/kei-portfolio/tests/SyntaxTest.php" line="185" assertions="7" time="0.000052"/>
      <testcase name="testNoDebugCode with data set #14" class="SyntaxTest" classname="SyntaxTest" file="/Users/kei/work/wordpress-site/themes/kei-portfolio/tests/SyntaxTest.php" line="185" assertions="7" time="0.000031"/>
      <testcase name="testNoDebugCode with data set #15" class="SyntaxTest" classname="SyntaxTest" file="/Users/kei/work/wordpress-site/themes/kei-portfolio/tests/SyntaxTest.php" line="185" assertions="7" time="0.000052"/>
      <testcase name="testNoDebugCode with data set #16" class="SyntaxTest" classname="SyntaxTest" file="/Users/kei/work/wordpress-site/themes/kei-portfolio/tests/SyntaxTest.php" line="185" assertions="7" time="0.000055"/>
      <testcase name="testNoDebugCode with data set #17" class="SyntaxTest" classname="SyntaxTest" file="/Users/kei/work/wordpress-site/themes/kei-portfolio/tests/SyntaxTest.php" line="185" assertions="7" time="0.000033"/>
      <testcase name="testNoDebugCode with data set #18" class="SyntaxTest" classname="SyntaxTest" file="/Users/kei/work/wordpress-site/themes/kei-portfolio/tests/SyntaxTest.php" line="185" assertions="7" time="0.000027"/>
      <testcase name="testNoDebugCode with data set #19" class="SyntaxTest" classname="SyntaxTest" file="/Users/kei/work/wordpress-site/themes/kei-portfolio/tests/SyntaxTest.php" line="185" assertions="7" time="0.000028"/>
      <testcase name="testNoDebugCode with data set #20" class="SyntaxTest" classname="SyntaxTest" file="/Users/kei/work/wordpress-site/themes/kei-portfolio/tests/SyntaxTest.php" line="185" assertions="7" time="0.000028"/>
      <testcase name="testNoDebugCode with data set #21" class="SyntaxTest" classname="SyntaxTest" file="/Users/kei/work/wordpress-site/themes/kei-portfolio/tests/SyntaxTest.php" line="185" assertions="7" time="0.000044"/>
      <testcase name="testNoDebugCode with data set #22" class="SyntaxTest" classname="SyntaxTest" file="/Users/kei/work/wordpress-site/themes/kei-portfolio/tests/SyntaxTest.php" line="185" assertions="7" time="0.000027"/>
      <testcase name="testNoDebugCode with data set #23" class="SyntaxTest" classname="SyntaxTest" file="/Users/kei/work/wordpress-site/themes/kei-portfolio/tests/SyntaxTest.php" line="185" assertions="7" time="0.000035"/>
      <testcase name="testNoDebugCode with data set #24" class="SyntaxTest" classname="SyntaxTest" file="/Users/kei/work/wordpress-site/themes/kei-portfolio/tests/SyntaxTest.php" line="185" assertions="7" time="0.000034"/>
      <testcase name="testNoDebugCode with data set #25" class="SyntaxTest" classname="SyntaxTest" file="/Users/kei/work/wordpress-site/themes/kei-portfolio/tests/SyntaxTest.php" line="185" assertions="7" time="0.000043"/>
      <testcase name="testNoDebugCode with data set #26" class="SyntaxTest" classname="SyntaxTest" file="/Users/kei/work/wordpress-site/themes/kei-portfolio/tests/SyntaxTest.php" line="185" assertions="7" time="0.000037"/>
      <testcase name="testNoDebugCode with data set #27" class="SyntaxTest" classname="SyntaxTest" file="/Users/kei/work/wordpress-site/themes/kei-portfolio/tests/SyntaxTest.php" line="185" assertions="7" time="0.000038"/>
      <testcase name="testNoDebugCode with data set #28" class="SyntaxTest" classname="SyntaxTest" file="/Users/kei/work/wordpress-site/themes/kei-portfolio/tests/SyntaxTest.php" line="185" assertions="7" time="0.000037"/>
      <testcase name="testNoDebugCode with data set #29" class="SyntaxTest" classname="SyntaxTest" file="/Users/kei/work/wordpress-site/themes/kei-portfolio/tests/SyntaxTest.php" line="185" assertions="7" time="0.000033"/>
      <testcase name="testNoDebugCode with data set #30" class="SyntaxTest" classname="SyntaxTest" file="/Users/kei/work/wordpress-site/themes/kei-portfolio/tests/SyntaxTest.php" line="185" assertions="7" time="0.000046"/>
      <testcase name="testNoDebugCode with data set #31" class="SyntaxTest" classname="SyntaxTest" file="/Users/kei/work/wordpress-site/themes/kei-portfolio/tests/SyntaxTest.php" line="185" assertions="7" time="0.000044"/>
      <testcase name="testNoDebugCode with data set #32" class="SyntaxTest" classname="SyntaxTest" file="/Users/kei/work/wordpress-site/themes/kei-portfolio/tests/SyntaxTest.php" line="185" assertions="7" time="0.000048"/>
      <testcase name="testNoDebugCode with data set #33" class="SyntaxTest" classname="SyntaxTest" file="/Users/kei/work/wordpress-site/themes/kei-portfolio/tests/SyntaxTest.php" line="185" assertions="7" time="0.000034"/>
      <testcase name="testNoDebugCode with data set #34" class="SyntaxTest" classname="SyntaxTest" file="/Users/kei/work/wordpress-site/themes/kei-portfolio/tests/SyntaxTest.php" line="185" assertions="7" time="0.000038"/>
      <testcase name="testNoDebugCode with data set #35" class="SyntaxTest" classname="SyntaxTest" file="/Users/kei/work/wordpress-site/themes/kei-portfolio/tests/SyntaxTest.php" line="185" assertions="7" time="0.000049"/>
      <testcase name="testNoDebugCode with data set #36" class="SyntaxTest" classname="SyntaxTest" file="/Users/kei/work/wordpress-site/themes/kei-portfolio/tests/SyntaxTest.php" line="185" assertions="7" time="0.000046"/>
      <testcase name="testNoDebugCode with data set #37" class="SyntaxTest" classname="SyntaxTest" file="/Users/kei/work/wordpress-site/themes/kei-portfolio/tests/SyntaxTest.php" line="185" assertions="7" time="0.000044"/>
      <testcase name="testNoDebugCode with data set #38" class="SyntaxTest" classname="SyntaxTest" file="/Users/kei/work/wordpress-site/themes/kei-portfolio/tests/SyntaxTest.php" line="185" assertions="7" time="0.000030"/>
      <testcase name="testNoDebugCode with data set #39" class="SyntaxTest" classname="SyntaxTest" file="/Users/kei/work/wordpress-site/themes/kei-portfolio/tests/SyntaxTest.php" line="185" assertions="7" time="0.000029"/>
      <testcase name="testNoDebugCode with data set #40" class="SyntaxTest" classname="SyntaxTest" file="/Users/kei/work/wordpress-site/themes/kei-portfolio/tests/SyntaxTest.php" line="185" assertions="7" time="0.000035"/>
      <testcase name="testNoDebugCode with data set #41" class="SyntaxTest" classname="SyntaxTest" file="/Users/kei/work/wordpress-site/themes/kei-portfolio/tests/SyntaxTest.php" line="185" assertions="7" time="0.000038"/>
      <testcase name="testNoDebugCode with data set #42" class="SyntaxTest" classname="SyntaxTest" file="/Users/kei/work/wordpress-site/themes/kei-portfolio/tests/SyntaxTest.php" line="185" assertions="7" time="0.000030"/>
      <testcase name="testNoDebugCode with data set #43" class="SyntaxTest" classname="SyntaxTest" file="/Users/kei/work/wordpress-site/themes/kei-portfolio/tests/SyntaxTest.php" line="185" assertions="7" time="0.000578">
        <failure type="PHPUnit\Framework\ExpectationFailedException">SyntaxTest::testNoDebugCode with data set #43 ('/Users/kei/work/wordpress-sit...up.php')
Display errors setting found in: /Users/kei/work/wordpress-site/themes/kei-portfolio/composer-setup.php
Failed asserting that '&lt;?php\n
\n
/*\n
 * This file is part of Composer.\n
 *\n
 * (c) Nils Adermann &lt;naderman@naderman.de&gt;\n
 *     Jordi Boggiano &lt;j.boggiano@seld.be&gt;\n
 *\n
 * For the full copyright and license information, please view the LICENSE\n
 * file that was distributed with this source code.\n
 */\n
\n
setupEnvironment();\n
process(is_array($argv) ? $argv : array());\n
\n
/**\n
 * Initializes various values\n
 *\n
 * @throws RuntimeException If uopz extension prevents exit calls\n
 */\n
function setupEnvironment()\n
{\n
    ini_set('display_errors', 1);\n
\n
    if (extension_loaded('uopz') &amp;&amp; !(ini_get('uopz.disable') || ini_get('uopz.exit'))) {\n
        // uopz works at opcode level and disables exit calls\n
        if (function_exists('uopz_allow_exit')) {\n
            @uopz_allow_exit(true);\n
        } else {\n
            throw new RuntimeException('The uopz extension ignores exit calls and breaks this installer.');\n
        }\n
    }\n
\n
    $installer = 'ComposerInstaller';\n
\n
    if (defined('PHP_WINDOWS_VERSION_MAJOR')) {\n
        if ($version = getenv('COMPOSERSETUP')) {\n
            $installer = sprintf('Composer-Setup.exe/%s', $version);\n
        }\n
    }\n
\n
    define('COMPOSER_INSTALLER', $installer);\n
}\n
\n
/**\n
 * Processes the installer\n
 */\n
function process($argv)\n
{\n
    // Determine ANSI output from --ansi and --no-ansi flags\n
    setUseAnsi($argv);\n
\n
    $help = in_array('--help', $argv) || in_array('-h', $argv);\n
    if ($help) {\n
        displayHelp();\n
        exit(0);\n
    }\n
\n
    $check      = in_array('--check', $argv);\n
    $force      = in_array('--force', $argv);\n
    $quiet      = in_array('--quiet', $argv);\n
    $channel    = 'stable';\n
    if (in_array('--snapshot', $argv)) {\n
        $channel = 'snapshot';\n
    } elseif (in_array('--preview', $argv)) {\n
        $channel = 'preview';\n
    } elseif (in_array('--1', $argv)) {\n
        $channel = '1';\n
    } elseif (in_array('--2', $argv)) {\n
        $channel = '2';\n
    } elseif (in_array('--2.2', $argv)) {\n
        $channel = '2.2';\n
    }\n
    $disableTls = in_array('--disable-tls', $argv);\n
    $installDir = getOptValue('--install-dir', $argv, false);\n
    $version    = getOptValue('--version', $argv, false);\n
    $filename   = getOptValue('--filename', $argv, 'composer.phar');\n
    $cafile     = getOptValue('--cafile', $argv, false);\n
\n
    if (!checkParams($installDir, $version, $cafile)) {\n
        exit(1);\n
    }\n
\n
    $ok = checkPlatform($warnings, $quiet, $disableTls, true);\n
\n
    if ($check) {\n
        // Only show warnings if we haven't output any errors\n
        if ($ok) {\n
            showWarnings($warnings);\n
            showSecurityWarning($disableTls);\n
        }\n
        exit($ok ? 0 : 1);\n
    }\n
\n
    if ($ok || $force) {\n
        if ($channel === '1' &amp;&amp; !$quiet) {\n
            out('Warning: You forced the install of Composer 1.x via --1, but Composer 2.x is the latest stable version. Updating to it via composer self-update --stable is recommended.', 'error');\n
        }\n
\n
        $installer = new Installer($quiet, $disableTls, $cafile);\n
        if ($installer-&gt;run($version, $installDir, $filename, $channel)) {\n
            showWarnings($warnings);\n
            showSecurityWarning($disableTls);\n
            exit(0);\n
        }\n
    }\n
\n
    exit(1);\n
}\n
\n
/**\n
 * Displays the help\n
 */\n
function displayHelp()\n
{\n
    echo &lt;&lt;&lt;EOF\n
Composer Installer\n
------------------\n
Options\n
--help               this help\n
--check              for checking environment only\n
--force              forces the installation\n
--ansi               force ANSI color output\n
--no-ansi            disable ANSI color output\n
--quiet              do not output unimportant messages\n
--install-dir="..."  accepts a target installation directory\n
--preview            install the latest version from the preview (alpha/beta/rc) channel instead of stable\n
--snapshot           install the latest version from the snapshot (dev builds) channel instead of stable\n
--1                  install the latest stable Composer 1.x (EOL) version\n
--2                  install the latest stable Composer 2.x version\n
--2.2                install the latest stable Composer 2.2.x (LTS) version\n
--version="..."      accepts a specific version to install instead of the latest\n
--filename="..."     accepts a target filename (default: composer.phar)\n
--disable-tls        disable SSL/TLS security for file downloads\n
--cafile="..."       accepts a path to a Certificate Authority (CA) certificate file for SSL/TLS verification\n
\n
EOF;\n
}\n
\n
/**\n
 * Sets the USE_ANSI define for colorizing output\n
 *\n
 * @param array $argv Command-line arguments\n
 */\n
function setUseAnsi($argv)\n
{\n
    // --no-ansi wins over --ansi\n
    if (in_array('--no-ansi', $argv)) {\n
        define('USE_ANSI', false);\n
    } elseif (in_array('--ansi', $argv)) {\n
        define('USE_ANSI', true);\n
    } else {\n
        define('USE_ANSI', outputSupportsColor());\n
    }\n
}\n
\n
/**\n
 * Returns whether color output is supported\n
 *\n
 * @return bool\n
 */\n
function outputSupportsColor()\n
{\n
    if (false !== getenv('NO_COLOR') || !defined('STDOUT')) {\n
        return false;\n
    }\n
\n
    if ('Hyper' === getenv('TERM_PROGRAM')) {\n
        return true;\n
    }\n
\n
    if (defined('PHP_WINDOWS_VERSION_BUILD')) {\n
        return (function_exists('sapi_windows_vt100_support')\n
            &amp;&amp; sapi_windows_vt100_support(STDOUT))\n
            || false !== getenv('ANSICON')\n
            || 'ON' === getenv('ConEmuANSI')\n
            || 'xterm' === getenv('TERM');\n
    }\n
\n
    if (function_exists('stream_isatty')) {\n
        return stream_isatty(STDOUT);\n
    }\n
\n
    if (function_exists('posix_isatty')) {\n
        return posix_isatty(STDOUT);\n
    }\n
\n
    $stat = fstat(STDOUT);\n
    // Check if formatted mode is S_IFCHR\n
    return $stat ? 0020000 === ($stat['mode'] &amp; 0170000) : false;\n
}\n
\n
/**\n
 * Returns the value of a command-line option\n
 *\n
 * @param string $opt The command-line option to check\n
 * @param array $argv Command-line arguments\n
 * @param mixed $default Default value to be returned\n
 *\n
 * @return mixed The command-line value or the default\n
 */\n
function getOptValue($opt, $argv, $default)\n
{\n
    $optLength = strlen($opt);\n
\n
    foreach ($argv as $key =&gt; $value) {\n
        $next = $key + 1;\n
        if (0 === strpos($value, $opt)) {\n
            if ($optLength === strlen($value) &amp;&amp; isset($argv[$next])) {\n
                return trim($argv[$next]);\n
            } else {\n
                return trim(substr($value, $optLength + 1));\n
            }\n
        }\n
    }\n
\n
    return $default;\n
}\n
\n
/**\n
 * Checks that user-supplied params are valid\n
 *\n
 * @param mixed $installDir The required istallation directory\n
 * @param mixed $version The required composer version to install\n
 * @param mixed $cafile Certificate Authority file\n
 *\n
 * @return bool True if the supplied params are okay\n
 */\n
function checkParams($installDir, $version, $cafile)\n
{\n
    $result = true;\n
\n
    if (false !== $installDir &amp;&amp; !is_dir($installDir)) {\n
        out("The defined install dir ({$installDir}) does not exist.", 'info');\n
        $result = false;\n
    }\n
\n
    if (false !== $version &amp;&amp; 1 !== preg_match('/^\d+\.\d+\.\d+(\-(alpha|beta|RC)\d*)*$/', $version)) {\n
        out("The defined install version ({$version}) does not match release pattern.", 'info');\n
        $result = false;\n
    }\n
\n
    if (false !== $cafile &amp;&amp; (!file_exists($cafile) || !is_readable($cafile))) {\n
        out("The defined Certificate Authority (CA) cert file ({$cafile}) does not exist or is not readable.", 'info');\n
        $result = false;\n
    }\n
    return $result;\n
}\n
\n
/**\n
 * Checks the platform for possible issues running Composer\n
 *\n
 * Errors are written to the output, warnings are saved for later display.\n
 *\n
 * @param array $warnings Populated by method, to be shown later\n
 * @param bool $quiet Quiet mode\n
 * @param bool $disableTls Bypass tls\n
 * @param bool $install If we are installing, rather than diagnosing\n
 *\n
 * @return bool True if there are no errors\n
 */\n
function checkPlatform(&amp;$warnings, $quiet, $disableTls, $install)\n
{\n
[...]
        <error type="Error">SyntaxTest::testFileEncoding with data set #8 ('/Users/kei/work/wordpress-sit...up.php')
Error: Call to undefined method SyntaxTest::assertStringNotStartsWith()

/Users/kei/work/wordpress-site/themes/kei-portfolio/tests/SyntaxTest.php:305</error>
      </testcase>
      <testcase name="testFileEncoding with data set #9" class="SyntaxTest" classname="SyntaxTest" file="/Users/kei/work/wordpress-site/themes/kei-portfolio/tests/SyntaxTest.php" line="301" assertions="0" time="0.000032">
        <error type="Error">SyntaxTest::testFileEncoding with data set #9 ('/Users/kei/work/wordpress-sit...rs.php')
Error: Call to undefined method SyntaxTest::assertStringNotStartsWith()

/Users/kei/work/wordpress-site/themes/kei-portfolio/tests/SyntaxTest.php:305</error>
      </testcase>
      <testcase name="testFileEncoding with data set #10" class="SyntaxTest" classname="SyntaxTest" file="/Users/kei/work/wordpress-site/themes/kei-portfolio/tests/SyntaxTest.php" line="301" assertions="0" time="0.000041">
        <error type="Error">SyntaxTest::testFileEncoding with data set #10 ('/Users/kei/work/wordpress-sit...es.php')
Error: Call to undefined method SyntaxTest::assertStringNotStartsWith()

/Users/kei/work/wordpress-site/themes/kei-portfolio/tests/SyntaxTest.php:305</error>
      </testcase>
      <testcase name="testFileEncoding with data set #11" class="SyntaxTest" classname="SyntaxTest" file="/Users/kei/work/wordpress-site/themes/kei-portfolio/tests/SyntaxTest.php" line="301" assertions="0" time="0.000039">
        <error type="Error">SyntaxTest::testFileEncoding with data set #11 ('/Users/kei/work/wordpress-sit...ns.php')
Error: Call to undefined method SyntaxTest::assertStringNotStartsWith()

/Users/kei/work/wordpress-site/themes/kei-portfolio/tests/SyntaxTest.php:305</error>
      </testcase>
      <testcase name="testFileEncoding with data set #12" class="SyntaxTest" classname="SyntaxTest" file="/Users/kei/work/wordpress-site/themes/kei-portfolio/tests/SyntaxTest.php" line="301" assertions="0" time="0.000046">
        <error type="Error">SyntaxTest::testFileEncoding with data set #12 ('/Users/kei/work/wordpress-sit...ct.php')
Error: Call to undefined method SyntaxTest::assertStringNotStartsWith()

/Users/kei/work/wordpress-site/themes/kei-portfolio/tests/SyntaxTest.php:305</error>
      </testcase>
      <testcase name="testFileEncoding with data set #13" class="SyntaxTest" classname="SyntaxTest" file="/Users/kei/work/wordpress-site/themes/kei-portfolio/tests/SyntaxTest.php" line="301" assertions="0" time="0.000035">
        <error type="Error">SyntaxTest::testFileEncoding with data set #13 ('/Users/kei/work/wordpress-sit...ct.php')
Error: Call to undefined method SyntaxTest::assertStringNotStartsWith()

/Users/kei/work/wordpress-site/themes/kei-portfolio/tests/SyntaxTest.php:305</error>
      </testcase>
      <testcase name="testFileEncoding with data set #14" class="SyntaxTest" classname="SyntaxTest" file="/Users/kei/work/wordpress-site/themes/kei-portfolio/tests/SyntaxTest.php" line="301" assertions="0" time="0.000027">
        <error type="Error">SyntaxTest::testFileEncoding with data set #14 ('/Users/kei/work/wordpress-sit...ex.php')
Error: Call to undefined method SyntaxTest::assertStringNotStartsWith()

/Users/kei/work/wordpress-site/themes/kei-portfolio/tests/SyntaxTest.php:305</error>
      </testcase>
      <testcase name="testFileEncoding with data set #15" class="SyntaxTest" classname="SyntaxTest" file="/Users/kei/work/wordpress-site/themes/kei-portfolio/tests/SyntaxTest.php" line="301" assertions="0" time="0.000028">
        <error type="Error">SyntaxTest::testFileEncoding with data set #15 ('/Users/kei/work/wordpress-sit...io.php')
Error: Call to undefined method SyntaxTest::assertStringNotStartsWith()

/Users/kei/work/wordpress-site/themes/kei-portfolio/tests/SyntaxTest.php:305</error>
      </testcase>
      <testcase name="testFileEncoding with data set #16" class="SyntaxTest" classname="SyntaxTest" file="/Users/kei/work/wordpress-site/themes/kei-portfolio/tests/SyntaxTest.php" line="301" assertions="0" time="0.000030">
        <error type="Error">SyntaxTest::testFileEncoding with data set #16 ('/Users/kei/work/wordpress-sit...ls.php')
Error: Call to undefined method SyntaxTest::assertStringNotStartsWith()

/Users/kei/work/wordpress-site/themes/kei-portfolio/tests/SyntaxTest.php:305</error>
      </testcase>
      <testcase name="testFileEncoding with data set #17" class="SyntaxTest" classname="SyntaxTest" file="/Users/kei/work/wordpress-site/themes/kei-portfolio/tests/SyntaxTest.php" line="301" assertions="0" time="0.000029">
        <error type="Error">SyntaxTest::testFileEncoding with data set #17 ('/Users/kei/work/wordpress-sit...er.php')
Error: Call to undefined method SyntaxTest::assertStringNotStartsWith()

/Users/kei/work/wordpress-site/themes/kei-portfolio/tests/SyntaxTest.php:305</error>
      </testcase>
      <testcase name="testFileEncoding with data set #18" class="SyntaxTest" classname="SyntaxTest" file="/Users/kei/work/wordpress-site/themes/kei-portfolio/tests/SyntaxTest.php" line="301" assertions="0" time="0.000030">
        <error type="Error">SyntaxTest::testFileEncoding with data set #18 ('/Users/kei/work/wordpress-sit...ct.php')
Error: Call to undefined method SyntaxTest::assertStringNotStartsWith()

/Users/kei/work/wordpress-site/themes/kei-portfolio/tests/SyntaxTest.php:305</error>
      </testcase>
      <testcase name="testFileEncoding with data set #19" class="SyntaxTest" classname="SyntaxTest" file="/Users/kei/work/wordpress-site/themes/kei-portfolio/tests/SyntaxTest.php" line="301" assertions="0" time="0.000028">
        <error type="Error">SyntaxTest::testFileEncoding with data set #19 ('/Users/kei/work/wordpress-sit...io.php')
Error: Call to undefined method SyntaxTest::assertStringNotStartsWith()

/Users/kei/work/wordpress-site/themes/kei-portfolio/tests/SyntaxTest.php:305</error>
      </testcase>
      <testcase name="testFileEncoding with data set #20" class="SyntaxTest" classname="SyntaxTest" file="/Users/kei/work/wordpress-site/themes/kei-portfolio/tests/SyntaxTest.php" line="301" assertions="0" time="0.000029">
        <error type="Error">SyntaxTest::testFileEncoding with data set #20 ('/Users/kei/work/wordpress-sit...ls.php')
Error: Call to undefined method SyntaxTest::assertStringNotStartsWith()

/Users/kei/work/wordpress-site/themes/kei-portfolio/tests/SyntaxTest.php:305</error>
      </testcase>
      <testcase name="testFileEncoding with data set #21" class="SyntaxTest" classname="SyntaxTest" file="/Users/kei/work/wordpress-site/themes/kei-portfolio/tests/SyntaxTest.php" line="301" assertions="0" time="0.000029">
        <error type="Error">SyntaxTest::testFileEncoding with data set #21 ('/Users/kei/work/wordpress-sit...ut.php')
Error: Call to undefined method SyntaxTest::assertStringNotStartsWith()

/Users/kei/work/wordpress-site/themes/kei-portfolio/tests/SyntaxTest.php:305</error>
      </testcase>
      <testcase name="testFileEncoding with data set #22" class="SyntaxTest" classname="SyntaxTest" file="/Users/kei/work/wordpress-site/themes/kei-portfolio/tests/SyntaxTest.php" line="301" assertions="0" time="0.000032">
        <error type="Error">SyntaxTest::testFileEncoding with data set #22 ('/Users/kei/work/wordpress-sit...ut.php')
Error: Call to undefined method SyntaxTest::assertStringNotStartsWith()

/Users/kei/work/wordpress-site/themes/kei-portfolio/tests/SyntaxTest.php:305</error>
      </testcase>
      <testcase name="testFileEncoding with data set #23" class="SyntaxTest" classname="SyntaxTest" file="/Users/kei/work/wordpress-site/themes/kei-portfolio/tests/SyntaxTest.php" line="301" assertions="0" time="0.000029">
        <error type="Error">SyntaxTest::testFileEncoding with data set #23 ('/Users/kei/work/wordpress-sit...fo.php')
Error: Call to undefined method SyntaxTest::assertStringNotStartsWith()

/Users/kei/work/wordpress-site/themes/kei-portfolio/tests/SyntaxTest.php:305</error>
      </testcase>
      <testcase name="testFileEncoding with data set #24" class="SyntaxTest" classname="SyntaxTest" file="/Users/kei/work/wordpress-site/themes/kei-portfolio/tests/SyntaxTest.php" line="301" assertions="0" time="0.000027">
        <error type="Error">SyntaxTest::testFileEncoding with data set #24 ('/Users/kei/work/wordpress-sit...ro.php')
Error: Call to undefined method SyntaxTest::assertStringNotStartsWith()

/Users/kei/work/wordpress-site/themes/kei-portfolio/tests/SyntaxTest.php:305</error>
      </testcase>
      <testcase name="testFileEncoding with data set #25" class="SyntaxTest" classname="SyntaxTest" file="/Users/kei/work/wordpress-site/themes/kei-portfolio/tests/SyntaxTest.php" line="301" assertions="0" time="0.000027">
        <error type="Error">SyntaxTest::testFileEncoding with data set #25 ('/Users/kei/work/wordpress-sit...rm.php')
Error: Call to undefined method SyntaxTest::assertStringNotStartsWith()

/Users/kei/work/wordpress-site/themes/kei-portfolio/tests/SyntaxTest.php:305</error>
      </testcase>
      <testcase name="testFileEncoding with data set #26" class="SyntaxTest" classname="SyntaxTest" file="/Users/kei/work/wordpress-site/themes/kei-portfolio/tests/SyntaxTest.php" line="301" assertions="0" time="0.000032">
        <error type="Error">SyntaxTest::testFileEncoding with data set #26 ('/Users/kei/work/wordpress-sit...on.php')
Error: Call to undefined method SyntaxTest::assertStringNotStartsWith()

/Users/kei/work/wordpress-site/themes/kei-portfolio/tests/SyntaxTest.php:305</error>
      </testcase>
      <testcase name="testFileEncoding with data set #27" class="SyntaxTest" classname="SyntaxTest" file="/Users/kei/work/wordpress-site/themes/kei-portfolio/tests/SyntaxTest.php" line="301" assertions="0" time="0.000026">
        <error type="Error">SyntaxTest::testFileEncoding with data set #27 ('/Users/kei/work/wordpress-sit...ro.php')
Error: Call to undefined method SyntaxTest::assertStringNotStartsWith()

/Users/kei/work/wordpress-site/themes/kei-portfolio/tests/SyntaxTest.php:305</error>
      </testcase>
      <testcase name="testFileEncoding with data set #28" class="SyntaxTest" classname="SyntaxTest" file="/Users/kei/work/wordpress-site/themes/kei-portfolio/tests/SyntaxTest.php" line="301" assertions="0" time="0.000035">
        <error type="Error">SyntaxTest::testFileEncoding with data set #28 ('/Users/kei/work/wordpress-sit...ry.php')
Error: Call to undefined method SyntaxTest::assertStringNotStartsWith()

/Users/kei/work/wordpress-site/themes/kei-portfolio/tests/SyntaxTest.php:305</error>
      </testcase>
      <testcase name="testFileEncoding with data set #29" class="SyntaxTest" classname="SyntaxTest" file="/Users/kei/work/wordpress-site/themes/kei-portfolio/tests/SyntaxTest.php" line="301" assertions="0" time="0.000029">
        <error type="Error">SyntaxTest::testFileEncoding with data set #29 ('/Users/kei/work/wordpress-sit...on.php')
Error: Call to undefined method SyntaxTest::assertStringNotStartsWith()

/Users/kei/work/wordpress-site/themes/kei-portfolio/tests/SyntaxTest.php:305</error>
      </testcase>
      <testcase name="testFileEncoding with data set #30" class="SyntaxTest" classname="SyntaxTest" file="/Users/kei/work/wordpress-site/themes/kei-portfolio/tests/SyntaxTest.php" line="301" assertions="0" time="0.000029">
        <error type="Error">SyntaxTest::testFileEncoding with data set #30 ('/Users/kei/work/wordpress-sit...ts.php')
Error: Call to undefined method SyntaxTest::assertStringNotStartsWith()

/Users/kei/work/wordpress-site/themes/kei-portfolio/tests/SyntaxTest.php:305</error>
      </testcase>
      <testcase name="testFileEncoding with data set #31" class="SyntaxTest" classname="SyntaxTest" file="/Users/kei/work/wordpress-site/themes/kei-portfolio/tests/SyntaxTest.php" line="301" assertions="0" time="0.000028">
        <error type="Error">SyntaxTest::testFileEncoding with data set #31 ('/Users/kei/work/wordpress-sit...ts.php')
Error: Call to undefined method SyntaxTest::assertStringNotStartsWith()

/Users/kei/work/wordpress-site/themes/kei-portfolio/tests/SyntaxTest.php:305</error>
      </testcase>
      <testcase name="testFileEncoding with data set #32" class="SyntaxTest" classname="SyntaxTest" file="/Users/kei/work/wordpress-site/themes/kei-portfolio/tests/SyntaxTest.php" line="301" assertions="0" time="0.000031">
        <error type="Error">SyntaxTest::testFileEncoding with data set #32 ('/Users/kei/work/wordpress-sit...ch.php')
Error: Call to undefined method SyntaxTest::assertStringNotStartsWith()

/Users/kei/work/wordpress-site/themes/kei-portfolio/tests/SyntaxTest.php:305</error>
      </testcase>
      <testcase name="testFileEncoding with data set #33" class="SyntaxTest" classname="SyntaxTest" file="/Users/kei/work/wordpress-site/themes/kei-portfolio/tests/SyntaxTest.php" line="301" assertions="0" time="0.000032">
        <error type="Error">SyntaxTest::testFileEncoding with data set #33 ('/Users/kei/work/wordpress-sit...ro.php')
Error: Call to undefined method SyntaxTest::assertStringNotStartsWith()

/Users/kei/work/wordpress-site/themes/kei-portfolio/tests/SyntaxTest.php:305</error>
      </testcase>
      <testcase name="testFileEncoding with data set #34" class="SyntaxTest" classname="SyntaxTest" file="/Users/kei/work/wordpress-site/themes/kei-portfolio/tests/SyntaxTest.php" line="301" assertions="0" time="0.000031">
        <error type="Error">SyntaxTest::testFileEncoding with data set #34 ('/Users/kei/work/wordpress-sit...es.php')
Error: Call to undefined method SyntaxTest::assertStringNotStartsWith()

/Users/kei/work/wordpress-site/themes/kei-portfolio/tests/SyntaxTest.php:305</error>
      </testcase>
      <testcase name="testFileEncoding with data set #35" class="SyntaxTest" classname="SyntaxTest" file="/Users/kei/work/wordpress-site/themes/kei-portfolio/tests/SyntaxTest.php" line="301" assertions="0" time="0.000032">
        <error type="Error">SyntaxTest::testFileEncoding with data set #35 ('/Users/kei/work/wordpress-sit...ch.php')
Error: Call to undefined method SyntaxTest::assertStringNotStartsWith()

/Users/kei/work/wordpress-site/themes/kei-portfolio/tests/SyntaxTest.php:305</error>
      </testcase>
      <testcase name="testFileEncoding with data set #36" class="SyntaxTest" classname="SyntaxTest" file="/Users/kei/work/wordpress-site/themes/kei-portfolio/tests/SyntaxTest.php" line="301" assertions="0" time="0.000034">
        <error type="Error">SyntaxTest::testFileEncoding with data set #36 ('/Users/kei/work/wordpress-sit...ls.php')
Error: Call to undefined method SyntaxTest::assertStringNotStartsWith()

/Users/kei/work/wordpress-site/themes/kei-portfolio/tests/SyntaxTest.php:305</error>
      </testcase>
      <testcase name="testFileEncoding with data set #37" class="SyntaxTest" classname="SyntaxTest" file="/Users/kei/work/wordpress-site/themes/kei-portfolio/tests/SyntaxTest.php" line="301" assertions="0" time="0.000037">
        <error type="Error">SyntaxTest::testFileEncoding with data set #37 ('/Users/kei/work/wordpress-sit...ls.php')
Error: Call to undefined method SyntaxTest::assertStringNotStartsWith()

/Users/kei/work/wordpress-site/themes/kei-portfolio/tests/SyntaxTest.php:305</error>
      </testcase>
      <testcase name="testFileEncoding with data set #38" class="SyntaxTest" classname="SyntaxTest" file="/Users/kei/work/wordpress-site/themes/kei-portfolio/tests/SyntaxTest.php" line="301" assertions="0" time="0.000029">
        <error type="Error">SyntaxTest::testFileEncoding with data set #38 ('/Users/kei/work/wordpress-sit...ro.php')
Error: Call to undefined method SyntaxTest::assertStringNotStartsWith()

/Users/kei/work/wordpress-site/themes/kei-portfolio/tests/SyntaxTest.php:305</error>
      </testcase>
      <testcase name="testFileEncoding with data set #39" class="SyntaxTest" classname="SyntaxTest" file="/Users/kei/work/wordpress-site/themes/kei-portfolio/tests/SyntaxTest.php" line="301" assertions="0" time="0.000033">
        <error type="Error">SyntaxTest::testFileEncoding with data set #39 ('/Users/kei/work/wordpress-sit...ap.php')
Error: Call to undefined method SyntaxTest::assertStringNotStartsWith()

/Users/kei/work/wordpress-site/themes/kei-portfolio/tests/SyntaxTest.php:305</error>
      </testcase>
      <testcase name="testFileEncoding with data set #40" class="SyntaxTest" classname="SyntaxTest" file="/Users/kei/work/wordpress-site/themes/kei-portfolio/tests/SyntaxTest.php" line="301" assertions="0" time="0.000027">
        <error type="Error">SyntaxTest::testFileEncoding with data set #40 ('/Users/kei/work/wordpress-sit...er.php')
Error: Call to undefined method SyntaxTest::assertStringNotStartsWith()

/Users/kei/work/wordpress-site/themes/kei-portfolio/tests/SyntaxTest.php:305</error>
      </testcase>
      <testcase name="testFileEncoding with data set #41" class="SyntaxTest" classname="SyntaxTest" file="/Users/kei/work/wordpress-site/themes/kei-portfolio/tests/SyntaxTest.php" line="301" assertions="0" time="0.000031">
        <error type="Error">SyntaxTest::testFileEncoding with data set #41 ('/Users/kei/work/wordpress-sit...er.php')
Error: Call to undefined method SyntaxTest::assertStringNotStartsWith()

/Users/kei/work/wordpress-site/themes/kei-portfolio/tests/SyntaxTest.php:305</error>
      </testcase>
      <testcase name="testFileEncoding with data set #42" class="SyntaxTest" classname="SyntaxTest" file="/Users/kei/work/wordpress-site/themes/kei-portfolio/tests/SyntaxTest.php" line="301" assertions="0" time="0.000033">
        <error type="Error">SyntaxTest::testFileEncoding with data set #42 ('/Users/kei/work/wordpress-sit...ge.php')
Error: Call to undefined method SyntaxTest::assertStringNotStartsWith()

/Users/kei/work/wordpress-site/themes/kei-portfolio/tests/SyntaxTest.php:305</error>
      </testcase>
      <testcase name="testFileEncoding with data set #43" class="SyntaxTest" classname="SyntaxTest" file="/Users/kei/work/wordpress-site/themes/kei-portfolio/tests/SyntaxTest.php" line="301" assertions="0" time="0.000036">
        <error type="Error">SyntaxTest::testFileEncoding with data set #43 ('/Users/kei/work/wordpress-sit...up.php')
Error: Call to undefined method SyntaxTest::assertStringNotStartsWith()

/Users/kei/work/wordpress-site/themes/kei-portfolio/tests/SyntaxTest.php:305</error>
      </testcase>
      <testcase name="testFileEncoding with data set #44" class="SyntaxTest" classname="SyntaxTest" file="/Users/kei/work/wordpress-site/themes/kei-portfolio/tests/SyntaxTest.php" line="301" assertions="0" time="0.000035">
        <error type="Error">SyntaxTest::testFileEncoding with data set #44 ('/Users/kei/work/wordpress-sit...ge.php')
Error: Call to undefined method SyntaxTest::assertStringNotStartsWith()

/Users/kei/work/wordpress-site/themes/kei-portfolio/tests/SyntaxTest.php:305</error>
      </testcase>
      <testcase name="testFileEncoding with data set #45" class="SyntaxTest" classname="SyntaxTest" file="/Users/kei/work/wordpress-site/themes/kei-portfolio/tests/SyntaxTest.php" line="301" assertions="0" time="0.000027">
        <error type="Error">SyntaxTest::testFileEncoding with data set #45 ('/Users/kei/work/wordpress-sit...ut.php')
Error: Call to undefined method SyntaxTest::assertStringNotStartsWith()

/Users/kei/work/wordpress-site/themes/kei-portfolio/tests/SyntaxTest.php:305</error>
      </testcase>
      <testcase name="testFileEncoding with data set #46" class="SyntaxTest" classname="SyntaxTest" file="/Users/kei/work/wordpress-site/themes/kei-portfolio/tests/SyntaxTest.php" line="301" assertions="0" time="0.000030">
        <error type="Error">SyntaxTest::testFileEncoding with data set #46 ('/Users/kei/work/wordpress-sit...ct.php')
Error: Call to undefined method SyntaxTest::assertStringNotStartsWith()

/Users/kei/work/wordpress-site/themes/kei-portfolio/tests/SyntaxTest.php:305</error>
      </testcase>
    </testsuite>
  </testsuite>
</testsuites>
