<?xml version="1.0" encoding="UTF-8"?>
<testsuites name="jest tests" tests="2" failures="0" errors="0" time="1.907">
  <testsuite name="WordPress Site E2E Tests" errors="0" failures="0" skipped="0" timestamp="2025-08-09T08:31:23" time="1.709" tests="2">
    <testcase classname="WordPress Site E2E Tests homepage loads successfully" name="WordPress Site E2E Tests homepage loads successfully" time="0.479">
    </testcase>
    <testcase classname="WordPress Site E2E Tests site content is accessible" name="WordPress Site E2E Tests site content is accessible" time="0.105">
    </testcase>
  </testsuite>
</testsuites>