<?xml version="1.0" encoding="UTF-8"?>
<coverage generated="1754552136537" clover="3.2.0">
  <project timestamp="1754552136538" name="All files">
    <metrics statements="189" coveredstatements="110" conditionals="77" coveredconditionals="58" methods="42" coveredmethods="23" elements="308" coveredelements="191" complexity="0" loc="189" ncloc="189" packages="1" files="5" classes="5"/>
    <file name="contact-form.js" path="/Users/kei/work/wordpress-site/wordpress/wp-content/themes/kei-portfolio/assets/js/contact-form.js">
      <metrics statements="41" coveredstatements="0" conditionals="6" coveredconditionals="0" methods="7" coveredmethods="0"/>
      <line num="7" count="0" type="stmt"/>
      <line num="8" count="0" type="stmt"/>
      <line num="9" count="0" type="stmt"/>
      <line num="10" count="0" type="stmt"/>
      <line num="11" count="0" type="stmt"/>
      <line num="12" count="0" type="stmt"/>
      <line num="13" count="0" type="stmt"/>
      <line num="14" count="0" type="stmt"/>
      <line num="15" count="0" type="stmt"/>
      <line num="18" count="0" type="stmt"/>
      <line num="19" count="0" type="stmt"/>
      <line num="20" count="0" type="stmt"/>
      <line num="22" count="0" type="cond" truecount="0" falsecount="2"/>
      <line num="23" count="0" type="stmt"/>
      <line num="24" count="0" type="stmt"/>
      <line num="26" count="0" type="stmt"/>
      <line num="27" count="0" type="stmt"/>
      <line num="32" count="0" type="stmt"/>
      <line num="33" count="0" type="stmt"/>
      <line num="36" count="0" type="stmt"/>
      <line num="37" count="0" type="stmt"/>
      <line num="40" count="0" type="stmt"/>
      <line num="41" count="0" type="stmt"/>
      <line num="42" count="0" type="stmt"/>
      <line num="45" count="0" type="stmt"/>
      <line num="46" count="0" type="stmt"/>
      <line num="49" count="0" type="stmt"/>
      <line num="56" count="0" type="cond" truecount="0" falsecount="2"/>
      <line num="58" count="0" type="stmt"/>
      <line num="59" count="0" type="stmt"/>
      <line num="60" count="0" type="stmt"/>
      <line num="63" count="0" type="stmt"/>
      <line num="68" count="0" type="cond" truecount="0" falsecount="2"/>
      <line num="69" count="0" type="stmt"/>
      <line num="74" count="0" type="stmt"/>
      <line num="78" count="0" type="stmt"/>
      <line num="79" count="0" type="stmt"/>
      <line num="80" count="0" type="stmt"/>
      <line num="83" count="0" type="stmt"/>
      <line num="84" count="0" type="stmt"/>
      <line num="85" count="0" type="stmt"/>
    </file>
    <file name="main.js" path="/Users/kei/work/wordpress-site/wordpress/wp-content/themes/kei-portfolio/assets/js/main.js">
      <metrics statements="62" coveredstatements="61" conditionals="44" coveredconditionals="39" methods="13" coveredmethods="13"/>
      <line num="5" count="1" type="stmt"/>
      <line num="8" count="11" type="stmt"/>
      <line num="9" count="11" type="stmt"/>
      <line num="11" count="11" type="cond" truecount="4" falsecount="0"/>
      <line num="12" count="2" type="stmt"/>
      <line num="13" count="2" type="stmt"/>
      <line num="14" count="2" type="stmt"/>
      <line num="21" count="11" type="stmt"/>
      <line num="22" count="9" type="stmt"/>
      <line num="23" count="4" type="stmt"/>
      <line num="24" count="4" type="cond" truecount="4" falsecount="0"/>
      <line num="25" count="2" type="stmt"/>
      <line num="26" count="2" type="cond" truecount="2" falsecount="0"/>
      <line num="27" count="1" type="stmt"/>
      <line num="28" count="1" type="stmt"/>
      <line num="38" count="11" type="stmt"/>
      <line num="39" count="11" type="stmt"/>
      <line num="41" count="11" type="cond" truecount="2" falsecount="0"/>
      <line num="42" count="1" type="stmt"/>
      <line num="43" count="2" type="stmt"/>
      <line num="45" count="2" type="cond" truecount="2" falsecount="0"/>
      <line num="46" count="1" type="stmt"/>
      <line num="48" count="1" type="stmt"/>
      <line num="51" count="2" type="stmt"/>
      <line num="56" count="11" type="stmt"/>
      <line num="61" count="11" type="stmt"/>
      <line num="62" count="1" type="stmt"/>
      <line num="63" count="1" type="cond" truecount="1" falsecount="1"/>
      <line num="64" count="1" type="stmt"/>
      <line num="69" count="11" type="stmt"/>
      <line num="70" count="3" type="stmt"/>
      <line num="74" count="11" type="stmt"/>
      <line num="75" count="11" type="stmt"/>
      <line num="76" count="11" type="stmt"/>
      <line num="79" count="1" type="stmt"/>
      <line num="81" count="1" type="cond" truecount="3" falsecount="1"/>
      <line num="82" count="1" type="stmt"/>
      <line num="84" count="1" type="cond" truecount="3" falsecount="1"/>
      <line num="85" count="1" type="stmt"/>
      <line num="87" count="1" type="cond" truecount="3" falsecount="1"/>
      <line num="88" count="0" type="stmt"/>
      <line num="91" count="1" type="stmt"/>
      <line num="92" count="1" type="cond" truecount="1" falsecount="1"/>
      <line num="93" count="1" type="stmt"/>
      <line num="96" count="11" type="cond" truecount="2" falsecount="0"/>
      <line num="97" count="11" type="cond" truecount="2" falsecount="0"/>
      <line num="98" count="11" type="cond" truecount="2" falsecount="0"/>
      <line num="103" count="2" type="stmt"/>
      <line num="104" count="2" type="stmt"/>
      <line num="106" count="2" type="stmt"/>
      <line num="107" count="6" type="cond" truecount="2" falsecount="0"/>
      <line num="108" count="2" type="stmt"/>
      <line num="109" count="2" type="stmt"/>
      <line num="111" count="4" type="stmt"/>
      <line num="115" count="2" type="stmt"/>
      <line num="119" count="1" type="stmt"/>
      <line num="120" count="11" type="stmt"/>
      <line num="122" count="11" type="cond" truecount="2" falsecount="0"/>
      <line num="123" count="2" type="stmt"/>
      <line num="124" count="2" type="cond" truecount="2" falsecount="0"/>
      <line num="125" count="1" type="stmt"/>
      <line num="126" count="1" type="stmt"/>
    </file>
    <file name="navigation.js" path="/Users/kei/work/wordpress-site/wordpress/wp-content/themes/kei-portfolio/assets/js/navigation.js">
      <metrics statements="27" coveredstatements="27" conditionals="13" coveredconditionals="13" methods="5" coveredmethods="5"/>
      <line num="4" count="1" type="stmt"/>
      <line num="6" count="13" type="stmt"/>
      <line num="8" count="13" type="stmt"/>
      <line num="9" count="13" type="stmt"/>
      <line num="10" count="13" type="stmt"/>
      <line num="12" count="13" type="cond" truecount="5" falsecount="0"/>
      <line num="13" count="1" type="stmt"/>
      <line num="18" count="20" type="stmt"/>
      <line num="21" count="20" type="cond" truecount="2" falsecount="0"/>
      <line num="22" count="13" type="stmt"/>
      <line num="23" count="13" type="stmt"/>
      <line num="24" count="13" type="stmt"/>
      <line num="26" count="7" type="stmt"/>
      <line num="27" count="7" type="stmt"/>
      <line num="28" count="7" type="stmt"/>
      <line num="33" count="12" type="stmt"/>
      <line num="36" count="12" type="stmt"/>
      <line num="38" count="30" type="cond" truecount="4" falsecount="0"/>
      <line num="39" count="6" type="stmt"/>
      <line num="40" count="6" type="stmt"/>
      <line num="41" count="6" type="stmt"/>
      <line num="42" count="6" type="stmt"/>
      <line num="47" count="12" type="stmt"/>
      <line num="48" count="12" type="stmt"/>
      <line num="49" count="36" type="stmt"/>
      <line num="50" count="5" type="cond" truecount="2" falsecount="0"/>
      <line num="51" count="4" type="stmt"/>
    </file>
    <file name="portfolio-filter.js" path="/Users/kei/work/wordpress-site/wordpress/wp-content/themes/kei-portfolio/assets/js/portfolio-filter.js">
      <metrics statements="22" coveredstatements="22" conditionals="6" coveredconditionals="6" methods="5" coveredmethods="5"/>
      <line num="5" count="1" type="stmt"/>
      <line num="6" count="12" type="stmt"/>
      <line num="7" count="12" type="stmt"/>
      <line num="8" count="12" type="stmt"/>
      <line num="10" count="12" type="stmt"/>
      <line num="11" count="34" type="stmt"/>
      <line num="12" count="14" type="stmt"/>
      <line num="15" count="14" type="stmt"/>
      <line num="16" count="46" type="stmt"/>
      <line num="17" count="46" type="stmt"/>
      <line num="19" count="14" type="stmt"/>
      <line num="20" count="14" type="stmt"/>
      <line num="23" count="14" type="stmt"/>
      <line num="25" count="14" type="stmt"/>
      <line num="26" count="47" type="stmt"/>
      <line num="28" count="47" type="cond" truecount="4" falsecount="0"/>
      <line num="29" count="22" type="stmt"/>
      <line num="30" count="22" type="stmt"/>
      <line num="32" count="25" type="stmt"/>
      <line num="37" count="14" type="cond" truecount="2" falsecount="0"/>
      <line num="38" count="2" type="stmt"/>
      <line num="40" count="12" type="stmt"/>
    </file>
    <file name="technical-approach.js" path="/Users/kei/work/wordpress-site/wordpress/wp-content/themes/kei-portfolio/assets/js/technical-approach.js">
      <metrics statements="37" coveredstatements="0" conditionals="8" coveredconditionals="0" methods="12" coveredmethods="0"/>
      <line num="5" count="0" type="stmt"/>
      <line num="8" count="0" type="stmt"/>
      <line num="10" count="0" type="stmt"/>
      <line num="11" count="0" type="stmt"/>
      <line num="12" count="0" type="stmt"/>
      <line num="13" count="0" type="stmt"/>
      <line num="15" count="0" type="stmt"/>
      <line num="17" count="0" type="stmt"/>
      <line num="20" count="0" type="stmt"/>
      <line num="27" count="0" type="stmt"/>
      <line num="28" count="0" type="stmt"/>
      <line num="29" count="0" type="stmt"/>
      <line num="31" count="0" type="stmt"/>
      <line num="32" count="0" type="stmt"/>
      <line num="33" count="0" type="cond" truecount="0" falsecount="2"/>
      <line num="34" count="0" type="stmt"/>
      <line num="35" count="0" type="stmt"/>
      <line num="37" count="0" type="stmt"/>
      <line num="42" count="0" type="stmt"/>
      <line num="43" count="0" type="stmt"/>
      <line num="44" count="0" type="cond" truecount="0" falsecount="2"/>
      <line num="45" count="0" type="stmt"/>
      <line num="46" count="0" type="stmt"/>
      <line num="51" count="0" type="stmt"/>
      <line num="52" count="0" type="cond" truecount="0" falsecount="2"/>
      <line num="53" count="0" type="stmt"/>
      <line num="57" count="0" type="stmt"/>
      <line num="58" count="0" type="stmt"/>
      <line num="59" count="0" type="stmt"/>
      <line num="60" count="0" type="stmt"/>
      <line num="61" count="0" type="stmt"/>
      <line num="64" count="0" type="stmt"/>
      <line num="65" count="0" type="stmt"/>
      <line num="70" count="0" type="stmt"/>
      <line num="71" count="0" type="cond" truecount="0" falsecount="2"/>
      <line num="72" count="0" type="stmt"/>
      <line num="74" count="0" type="stmt"/>
    </file>
  </project>
</coverage>
