{"/Users/kei/work/wordpress-site/wordpress/wp-content/themes/kei-portfolio/assets/js/contact-form.js": {"path":"/Users/kei/work/wordpress-site/wordpress/wp-content/themes/kei-portfolio/assets/js/contact-form.js","statementMap":{"0":{"start":{"line":7,"column":0},"end":{"line":90,"column":3}},"1":{"start":{"line":8,"column":24},"end":{"line":8,"column":42}},"2":{"start":{"line":9,"column":25},"end":{"line":9,"column":44}},"3":{"start":{"line":10,"column":23},"end":{"line":10,"column":40}},"4":{"start":{"line":11,"column":25},"end":{"line":11,"column":44}},"5":{"start":{"line":12,"column":28},"end":{"line":12,"column":41}},"6":{"start":{"line":13,"column":25},"end":{"line":13,"column":44}},"7":{"start":{"line":14,"column":27},"end":{"line":14,"column":55}},"8":{"start":{"line":15,"column":25},"end":{"line":15,"column":51}},"9":{"start":{"line":18,"column":4},"end":{"line":29,"column":7}},"10":{"start":{"line":19,"column":30},"end":{"line":19,"column":47}},"11":{"start":{"line":20,"column":8},"end":{"line":20,"column":41}},"12":{"start":{"line":22,"column":8},"end":{"line":28,"column":9}},"13":{"start":{"line":23,"column":12},"end":{"line":23,"column":48}},"14":{"start":{"line":24,"column":12},"end":{"line":24,"column":59}},"15":{"start":{"line":26,"column":12},"end":{"line":26,"column":49}},"16":{"start":{"line":27,"column":12},"end":{"line":27,"column":62}},"17":{"start":{"line":32,"column":4},"end":{"line":89,"column":7}},"18":{"start":{"line":33,"column":8},"end":{"line":33,"column":27}},"19":{"start":{"line":36,"column":8},"end":{"line":36,"column":42}},"20":{"start":{"line":37,"column":8},"end":{"line":37,"column":40}},"21":{"start":{"line":40,"column":8},"end":{"line":40,"column":44}},"22":{"start":{"line":41,"column":8},"end":{"line":41,"column":34}},"23":{"start":{"line":42,"column":8},"end":{"line":42,"column":68}},"24":{"start":{"line":45,"column":25},"end":{"line":45,"column":43}},"25":{"start":{"line":46,"column":8},"end":{"line":46,"column":66}},"26":{"start":{"line":49,"column":8},"end":{"line":88,"column":11}},"27":{"start":{"line":56,"column":16},"end":{"line":70,"column":17}},"28":{"start":{"line":58,"column":20},"end":{"line":58,"column":57}},"29":{"start":{"line":59,"column":20},"end":{"line":59,"column":43}},"30":{"start":{"line":60,"column":20},"end":{"line":60,"column":43}},"31":{"start":{"line":63,"column":20},"end":{"line":65,"column":28}},"32":{"start":{"line":68,"column":20},"end":{"line":68,"column":80}},"33":{"start":{"line":69,"column":20},"end":{"line":69,"column":55}},"34":{"start":{"line":74,"column":16},"end":{"line":74,"column":51}},"35":{"start":{"line":78,"column":16},"end":{"line":78,"column":53}},"36":{"start":{"line":79,"column":16},"end":{"line":79,"column":45}},"37":{"start":{"line":80,"column":16},"end":{"line":80,"column":48}},"38":{"start":{"line":83,"column":16},"end":{"line":86,"column":25}},"39":{"start":{"line":84,"column":20},"end":{"line":84,"column":54}},"40":{"start":{"line":85,"column":20},"end":{"line":85,"column":52}}},"fnMap":{"0":{"name":"(anonymous_0)","decl":{"start":{"line":7,"column":23},"end":{"line":7,"column":24}},"loc":{"start":{"line":7,"column":35},"end":{"line":90,"column":1}},"line":7},"1":{"name":"(anonymous_1)","decl":{"start":{"line":18,"column":32},"end":{"line":18,"column":33}},"loc":{"start":{"line":18,"column":43},"end":{"line":29,"column":5}},"line":18},"2":{"name":"(anonymous_2)","decl":{"start":{"line":32,"column":29},"end":{"line":32,"column":30}},"loc":{"start":{"line":32,"column":41},"end":{"line":89,"column":5}},"line":32},"3":{"name":"(anonymous_3)","decl":{"start":{"line":55,"column":21},"end":{"line":55,"column":22}},"loc":{"start":{"line":55,"column":40},"end":{"line":71,"column":13}},"line":55},"4":{"name":"(anonymous_4)","decl":{"start":{"line":72,"column":19},"end":{"line":72,"column":20}},"loc":{"start":{"line":72,"column":30},"end":{"line":75,"column":13}},"line":72},"5":{"name":"(anonymous_5)","decl":{"start":{"line":76,"column":22},"end":{"line":76,"column":23}},"loc":{"start":{"line":76,"column":33},"end":{"line":87,"column":13}},"line":76},"6":{"name":"(anonymous_6)","decl":{"start":{"line":83,"column":27},"end":{"line":83,"column":28}},"loc":{"start":{"line":83,"column":38},"end":{"line":86,"column":17}},"line":83}},"branchMap":{"0":{"loc":{"start":{"line":22,"column":8},"end":{"line":28,"column":9}},"type":"if","locations":[{"start":{"line":22,"column":8},"end":{"line":28,"column":9}},{"start":{"line":25,"column":15},"end":{"line":28,"column":9}}],"line":22},"1":{"loc":{"start":{"line":56,"column":16},"end":{"line":70,"column":17}},"type":"if","locations":[{"start":{"line":56,"column":16},"end":{"line":70,"column":17}},{"start":{"line":66,"column":23},"end":{"line":70,"column":17}}],"line":56},"2":{"loc":{"start":{"line":68,"column":48},"end":{"line":68,"column":78}},"type":"binary-expr","locations":[{"start":{"line":68,"column":48},"end":{"line":68,"column":61}},{"start":{"line":68,"column":65},"end":{"line":68,"column":78}}],"line":68}},"s":{"0":0,"1":0,"2":0,"3":0,"4":0,"5":0,"6":0,"7":0,"8":0,"9":0,"10":0,"11":0,"12":0,"13":0,"14":0,"15":0,"16":0,"17":0,"18":0,"19":0,"20":0,"21":0,"22":0,"23":0,"24":0,"25":0,"26":0,"27":0,"28":0,"29":0,"30":0,"31":0,"32":0,"33":0,"34":0,"35":0,"36":0,"37":0,"38":0,"39":0,"40":0},"f":{"0":0,"1":0,"2":0,"3":0,"4":0,"5":0,"6":0},"b":{"0":[0,0],"1":[0,0],"2":[0,0]}}
,"/Users/kei/work/wordpress-site/wordpress/wp-content/themes/kei-portfolio/assets/js/main.js": {"path":"/Users/kei/work/wordpress-site/wordpress/wp-content/themes/kei-portfolio/assets/js/main.js","statementMap":{"0":{"start":{"line":5,"column":0},"end":{"line":99,"column":3}},"1":{"start":{"line":8,"column":29},"end":{"line":8,"column":74}},"2":{"start":{"line":9,"column":27},"end":{"line":9,"column":69}},"3":{"start":{"line":11,"column":4},"end":{"line":18,"column":5}},"4":{"start":{"line":12,"column":8},"end":{"line":17,"column":11}},"5":{"start":{"line":13,"column":12},"end":{"line":13,"column":55}},"6":{"start":{"line":14,"column":12},"end":{"line":16,"column":14}},"7":{"start":{"line":21,"column":4},"end":{"line":35,"column":7}},"8":{"start":{"line":22,"column":8},"end":{"line":34,"column":11}},"9":{"start":{"line":23,"column":25},"end":{"line":23,"column":50}},"10":{"start":{"line":24,"column":12},"end":{"line":33,"column":13}},"11":{"start":{"line":25,"column":31},"end":{"line":25,"column":59}},"12":{"start":{"line":26,"column":16},"end":{"line":32,"column":17}},"13":{"start":{"line":27,"column":20},"end":{"line":27,"column":39}},"14":{"start":{"line":28,"column":20},"end":{"line":31,"column":23}},"15":{"start":{"line":38,"column":21},"end":{"line":38,"column":22}},"16":{"start":{"line":39,"column":19},"end":{"line":39,"column":57}},"17":{"start":{"line":41,"column":4},"end":{"line":53,"column":5}},"18":{"start":{"line":42,"column":8},"end":{"line":52,"column":11}},"19":{"start":{"line":43,"column":34},"end":{"line":43,"column":52}},"20":{"start":{"line":45,"column":12},"end":{"line":49,"column":13}},"21":{"start":{"line":46,"column":16},"end":{"line":46,"column":49}},"22":{"start":{"line":48,"column":16},"end":{"line":48,"column":52}},"23":{"start":{"line":51,"column":12},"end":{"line":51,"column":39}},"24":{"start":{"line":56,"column":28},"end":{"line":59,"column":5}},"25":{"start":{"line":61,"column":21},"end":{"line":67,"column":23}},"26":{"start":{"line":62,"column":8},"end":{"line":66,"column":11}},"27":{"start":{"line":63,"column":12},"end":{"line":65,"column":13}},"28":{"start":{"line":64,"column":16},"end":{"line":64,"column":57}},"29":{"start":{"line":69,"column":4},"end":{"line":71,"column":7}},"30":{"start":{"line":70,"column":8},"end":{"line":70,"column":29}},"31":{"start":{"line":74,"column":23},"end":{"line":74,"column":67}},"32":{"start":{"line":75,"column":27},"end":{"line":75,"column":69}},"33":{"start":{"line":76,"column":22},"end":{"line":76,"column":59}},"34":{"start":{"line":79,"column":23},"end":{"line":79,"column":44}},"35":{"start":{"line":81,"column":8},"end":{"line":83,"column":9}},"36":{"start":{"line":82,"column":12},"end":{"line":82,"column":55}},"37":{"start":{"line":84,"column":8},"end":{"line":86,"column":9}},"38":{"start":{"line":85,"column":12},"end":{"line":85,"column":57}},"39":{"start":{"line":87,"column":8},"end":{"line":89,"column":9}},"40":{"start":{"line":88,"column":12},"end":{"line":88,"column":51}},"41":{"start":{"line":91,"column":28},"end":{"line":91,"column":45}},"42":{"start":{"line":92,"column":23},"end":{"line":92,"column":88}},"43":{"start":{"line":93,"column":8},"end":{"line":93,"column":38}},"44":{"start":{"line":96,"column":4},"end":{"line":96,"column":72}},"45":{"start":{"line":96,"column":20},"end":{"line":96,"column":72}},"46":{"start":{"line":97,"column":4},"end":{"line":97,"column":80}},"47":{"start":{"line":97,"column":24},"end":{"line":97,"column":80}},"48":{"start":{"line":98,"column":4},"end":{"line":98,"column":70}},"49":{"start":{"line":98,"column":19},"end":{"line":98,"column":70}},"50":{"start":{"line":103,"column":18},"end":{"line":103,"column":22}},"51":{"start":{"line":104,"column":27},"end":{"line":104,"column":62}},"52":{"start":{"line":106,"column":4},"end":{"line":113,"column":7}},"53":{"start":{"line":107,"column":8},"end":{"line":112,"column":9}},"54":{"start":{"line":108,"column":12},"end":{"line":108,"column":41}},"55":{"start":{"line":109,"column":12},"end":{"line":109,"column":28}},"56":{"start":{"line":111,"column":12},"end":{"line":111,"column":44}},"57":{"start":{"line":115,"column":4},"end":{"line":115,"column":19}},"58":{"start":{"line":119,"column":0},"end":{"line":130,"column":3}},"59":{"start":{"line":120,"column":24},"end":{"line":120,"column":61}},"60":{"start":{"line":122,"column":4},"end":{"line":129,"column":5}},"61":{"start":{"line":123,"column":8},"end":{"line":128,"column":11}},"62":{"start":{"line":124,"column":12},"end":{"line":127,"column":13}},"63":{"start":{"line":125,"column":16},"end":{"line":125,"column":35}},"64":{"start":{"line":126,"column":16},"end":{"line":126,"column":40}}},"fnMap":{"0":{"name":"(anonymous_0)","decl":{"start":{"line":5,"column":46},"end":{"line":5,"column":47}},"loc":{"start":{"line":5,"column":57},"end":{"line":99,"column":1}},"line":5},"1":{"name":"(anonymous_1)","decl":{"start":{"line":12,"column":51},"end":{"line":12,"column":52}},"loc":{"start":{"line":12,"column":62},"end":{"line":17,"column":9}},"line":12},"2":{"name":"(anonymous_2)","decl":{"start":{"line":21,"column":54},"end":{"line":21,"column":55}},"loc":{"start":{"line":21,"column":64},"end":{"line":35,"column":5}},"line":21},"3":{"name":"(anonymous_3)","decl":{"start":{"line":22,"column":41},"end":{"line":22,"column":42}},"loc":{"start":{"line":22,"column":53},"end":{"line":34,"column":9}},"line":22},"4":{"name":"(anonymous_4)","decl":{"start":{"line":42,"column":42},"end":{"line":42,"column":43}},"loc":{"start":{"line":42,"column":53},"end":{"line":52,"column":9}},"line":42},"5":{"name":"(anonymous_5)","decl":{"start":{"line":61,"column":46},"end":{"line":61,"column":47}},"loc":{"start":{"line":61,"column":64},"end":{"line":67,"column":5}},"line":61},"6":{"name":"(anonymous_6)","decl":{"start":{"line":62,"column":24},"end":{"line":62,"column":25}},"loc":{"start":{"line":62,"column":33},"end":{"line":66,"column":9}},"line":62},"7":{"name":"(anonymous_7)","decl":{"start":{"line":69,"column":50},"end":{"line":69,"column":51}},"loc":{"start":{"line":69,"column":56},"end":{"line":71,"column":5}},"line":69},"8":{"name":"applyFilters","decl":{"start":{"line":78,"column":13},"end":{"line":78,"column":25}},"loc":{"start":{"line":78,"column":28},"end":{"line":94,"column":5}},"line":78},"9":{"name":"validateForm","decl":{"start":{"line":102,"column":9},"end":{"line":102,"column":21}},"loc":{"start":{"line":102,"column":28},"end":{"line":116,"column":1}},"line":102},"10":{"name":"(anonymous_10)","decl":{"start":{"line":106,"column":27},"end":{"line":106,"column":28}},"loc":{"start":{"line":106,"column":36},"end":{"line":113,"column":5}},"line":106},"11":{"name":"(anonymous_11)","decl":{"start":{"line":119,"column":46},"end":{"line":119,"column":47}},"loc":{"start":{"line":119,"column":57},"end":{"line":130,"column":1}},"line":119},"12":{"name":"(anonymous_12)","decl":{"start":{"line":123,"column":47},"end":{"line":123,"column":48}},"loc":{"start":{"line":123,"column":59},"end":{"line":128,"column":9}},"line":123}},"branchMap":{"0":{"loc":{"start":{"line":11,"column":4},"end":{"line":18,"column":5}},"type":"if","locations":[{"start":{"line":11,"column":4},"end":{"line":18,"column":5}},{"start":{},"end":{}}],"line":11},"1":{"loc":{"start":{"line":11,"column":8},"end":{"line":11,"column":42}},"type":"binary-expr","locations":[{"start":{"line":11,"column":8},"end":{"line":11,"column":24}},{"start":{"line":11,"column":28},"end":{"line":11,"column":42}}],"line":11},"2":{"loc":{"start":{"line":15,"column":16},"end":{"line":15,"column":80}},"type":"cond-expr","locations":[{"start":{"line":15,"column":64},"end":{"line":15,"column":71}},{"start":{"line":15,"column":74},"end":{"line":15,"column":80}}],"line":15},"3":{"loc":{"start":{"line":24,"column":12},"end":{"line":33,"column":13}},"type":"if","locations":[{"start":{"line":24,"column":12},"end":{"line":33,"column":13}},{"start":{},"end":{}}],"line":24},"4":{"loc":{"start":{"line":24,"column":16},"end":{"line":24,"column":45}},"type":"binary-expr","locations":[{"start":{"line":24,"column":16},"end":{"line":24,"column":28}},{"start":{"line":24,"column":32},"end":{"line":24,"column":45}}],"line":24},"5":{"loc":{"start":{"line":26,"column":16},"end":{"line":32,"column":17}},"type":"if","locations":[{"start":{"line":26,"column":16},"end":{"line":32,"column":17}},{"start":{},"end":{}}],"line":26},"6":{"loc":{"start":{"line":41,"column":4},"end":{"line":53,"column":5}},"type":"if","locations":[{"start":{"line":41,"column":4},"end":{"line":53,"column":5}},{"start":{},"end":{}}],"line":41},"7":{"loc":{"start":{"line":45,"column":12},"end":{"line":49,"column":13}},"type":"if","locations":[{"start":{"line":45,"column":12},"end":{"line":49,"column":13}},{"start":{"line":47,"column":19},"end":{"line":49,"column":13}}],"line":45},"8":{"loc":{"start":{"line":63,"column":12},"end":{"line":65,"column":13}},"type":"if","locations":[{"start":{"line":63,"column":12},"end":{"line":65,"column":13}},{"start":{},"end":{}}],"line":63},"9":{"loc":{"start":{"line":81,"column":8},"end":{"line":83,"column":9}},"type":"if","locations":[{"start":{"line":81,"column":8},"end":{"line":83,"column":9}},{"start":{},"end":{}}],"line":81},"10":{"loc":{"start":{"line":81,"column":12},"end":{"line":81,"column":42}},"type":"binary-expr","locations":[{"start":{"line":81,"column":12},"end":{"line":81,"column":22}},{"start":{"line":81,"column":26},"end":{"line":81,"column":42}}],"line":81},"11":{"loc":{"start":{"line":84,"column":8},"end":{"line":86,"column":9}},"type":"if","locations":[{"start":{"line":84,"column":8},"end":{"line":86,"column":9}},{"start":{},"end":{}}],"line":84},"12":{"loc":{"start":{"line":84,"column":12},"end":{"line":84,"column":50}},"type":"binary-expr","locations":[{"start":{"line":84,"column":12},"end":{"line":84,"column":26}},{"start":{"line":84,"column":30},"end":{"line":84,"column":50}}],"line":84},"13":{"loc":{"start":{"line":87,"column":8},"end":{"line":89,"column":9}},"type":"if","locations":[{"start":{"line":87,"column":8},"end":{"line":89,"column":9}},{"start":{},"end":{}}],"line":87},"14":{"loc":{"start":{"line":87,"column":12},"end":{"line":87,"column":56}},"type":"binary-expr","locations":[{"start":{"line":87,"column":12},"end":{"line":87,"column":21}},{"start":{"line":87,"column":25},"end":{"line":87,"column":56}}],"line":87},"15":{"loc":{"start":{"line":92,"column":51},"end":{"line":92,"column":87}},"type":"cond-expr","locations":[{"start":{"line":92,"column":65},"end":{"line":92,"column":82}},{"start":{"line":92,"column":85},"end":{"line":92,"column":87}}],"line":92},"16":{"loc":{"start":{"line":96,"column":4},"end":{"line":96,"column":72}},"type":"if","locations":[{"start":{"line":96,"column":4},"end":{"line":96,"column":72}},{"start":{},"end":{}}],"line":96},"17":{"loc":{"start":{"line":97,"column":4},"end":{"line":97,"column":80}},"type":"if","locations":[{"start":{"line":97,"column":4},"end":{"line":97,"column":80}},{"start":{},"end":{}}],"line":97},"18":{"loc":{"start":{"line":98,"column":4},"end":{"line":98,"column":70}},"type":"if","locations":[{"start":{"line":98,"column":4},"end":{"line":98,"column":70}},{"start":{},"end":{}}],"line":98},"19":{"loc":{"start":{"line":107,"column":8},"end":{"line":112,"column":9}},"type":"if","locations":[{"start":{"line":107,"column":8},"end":{"line":112,"column":9}},{"start":{"line":110,"column":15},"end":{"line":112,"column":9}}],"line":107},"20":{"loc":{"start":{"line":122,"column":4},"end":{"line":129,"column":5}},"type":"if","locations":[{"start":{"line":122,"column":4},"end":{"line":129,"column":5}},{"start":{},"end":{}}],"line":122},"21":{"loc":{"start":{"line":124,"column":12},"end":{"line":127,"column":13}},"type":"if","locations":[{"start":{"line":124,"column":12},"end":{"line":127,"column":13}},{"start":{},"end":{}}],"line":124}},"s":{"0":1,"1":11,"2":11,"3":11,"4":2,"5":2,"6":2,"7":11,"8":9,"9":4,"10":4,"11":2,"12":2,"13":1,"14":1,"15":11,"16":11,"17":11,"18":1,"19":2,"20":2,"21":1,"22":1,"23":2,"24":11,"25":11,"26":1,"27":1,"28":1,"29":11,"30":3,"31":11,"32":11,"33":11,"34":1,"35":1,"36":1,"37":1,"38":1,"39":1,"40":0,"41":1,"42":1,"43":1,"44":11,"45":2,"46":11,"47":2,"48":11,"49":2,"50":2,"51":2,"52":2,"53":6,"54":2,"55":2,"56":4,"57":2,"58":1,"59":11,"60":11,"61":2,"62":2,"63":1,"64":1},"f":{"0":11,"1":2,"2":9,"3":4,"4":2,"5":1,"6":1,"7":3,"8":1,"9":2,"10":6,"11":11,"12":2},"b":{"0":[2,9],"1":[11,2],"2":[1,1],"3":[2,2],"4":[4,3],"5":[1,1],"6":[1,10],"7":[1,1],"8":[1,0],"9":[1,0],"10":[1,1],"11":[1,0],"12":[1,1],"13":[0,1],"14":[1,1],"15":[1,0],"16":[2,9],"17":[2,9],"18":[2,9],"19":[2,4],"20":[2,9],"21":[1,1]},"_coverageSchema":"1a1c01bbd47fc00a2c39e90264f33305004495a9","hash":"83fabfcd82c42fff1d1b536f266def6c0257ede6"}
,"/Users/kei/work/wordpress-site/wordpress/wp-content/themes/kei-portfolio/assets/js/navigation.js": {"path":"/Users/kei/work/wordpress-site/wordpress/wp-content/themes/kei-portfolio/assets/js/navigation.js","statementMap":{"0":{"start":{"line":4,"column":0},"end":{"line":55,"column":3}},"1":{"start":{"line":6,"column":21},"end":{"line":6,"column":26}},"2":{"start":{"line":8,"column":25},"end":{"line":8,"column":70}},"3":{"start":{"line":9,"column":23},"end":{"line":9,"column":61}},"4":{"start":{"line":10,"column":21},"end":{"line":10,"column":64}},"5":{"start":{"line":12,"column":4},"end":{"line":14,"column":5}},"6":{"start":{"line":13,"column":8},"end":{"line":13,"column":15}},"7":{"start":{"line":18,"column":8},"end":{"line":18,"column":33}},"8":{"start":{"line":21,"column":8},"end":{"line":29,"column":9}},"9":{"start":{"line":22,"column":12},"end":{"line":22,"column":50}},"10":{"start":{"line":23,"column":12},"end":{"line":23,"column":63}},"11":{"start":{"line":24,"column":12},"end":{"line":24,"column":57}},"12":{"start":{"line":26,"column":12},"end":{"line":26,"column":47}},"13":{"start":{"line":27,"column":12},"end":{"line":27,"column":64}},"14":{"start":{"line":28,"column":12},"end":{"line":28,"column":56}},"15":{"start":{"line":33,"column":4},"end":{"line":33,"column":61}},"16":{"start":{"line":36,"column":4},"end":{"line":44,"column":7}},"17":{"start":{"line":38,"column":8},"end":{"line":43,"column":9}},"18":{"start":{"line":39,"column":12},"end":{"line":39,"column":31}},"19":{"start":{"line":40,"column":12},"end":{"line":40,"column":47}},"20":{"start":{"line":41,"column":12},"end":{"line":41,"column":64}},"21":{"start":{"line":42,"column":12},"end":{"line":42,"column":56}},"22":{"start":{"line":47,"column":28},"end":{"line":47,"column":60}},"23":{"start":{"line":48,"column":4},"end":{"line":54,"column":7}},"24":{"start":{"line":49,"column":8},"end":{"line":53,"column":11}},"25":{"start":{"line":50,"column":12},"end":{"line":52,"column":13}},"26":{"start":{"line":51,"column":16},"end":{"line":51,"column":35}}},"fnMap":{"0":{"name":"(anonymous_0)","decl":{"start":{"line":4,"column":46},"end":{"line":4,"column":47}},"loc":{"start":{"line":4,"column":57},"end":{"line":55,"column":1}},"line":4},"1":{"name":"toggleMobileMenu","decl":{"start":{"line":17,"column":13},"end":{"line":17,"column":29}},"loc":{"start":{"line":17,"column":32},"end":{"line":30,"column":5}},"line":17},"2":{"name":"(anonymous_2)","decl":{"start":{"line":36,"column":38},"end":{"line":36,"column":39}},"loc":{"start":{"line":36,"column":49},"end":{"line":44,"column":5}},"line":36},"3":{"name":"(anonymous_3)","decl":{"start":{"line":48,"column":28},"end":{"line":48,"column":29}},"loc":{"start":{"line":48,"column":43},"end":{"line":54,"column":5}},"line":48},"4":{"name":"(anonymous_4)","decl":{"start":{"line":49,"column":39},"end":{"line":49,"column":40}},"loc":{"start":{"line":49,"column":50},"end":{"line":53,"column":9}},"line":49}},"branchMap":{"0":{"loc":{"start":{"line":12,"column":4},"end":{"line":14,"column":5}},"type":"if","locations":[{"start":{"line":12,"column":4},"end":{"line":14,"column":5}},{"start":{},"end":{}}],"line":12},"1":{"loc":{"start":{"line":12,"column":8},"end":{"line":12,"column":49}},"type":"binary-expr","locations":[{"start":{"line":12,"column":8},"end":{"line":12,"column":21}},{"start":{"line":12,"column":25},"end":{"line":12,"column":36}},{"start":{"line":12,"column":40},"end":{"line":12,"column":49}}],"line":12},"2":{"loc":{"start":{"line":21,"column":8},"end":{"line":29,"column":9}},"type":"if","locations":[{"start":{"line":21,"column":8},"end":{"line":29,"column":9}},{"start":{"line":25,"column":15},"end":{"line":29,"column":9}}],"line":21},"3":{"loc":{"start":{"line":38,"column":8},"end":{"line":43,"column":9}},"type":"if","locations":[{"start":{"line":38,"column":8},"end":{"line":43,"column":9}},{"start":{},"end":{}}],"line":38},"4":{"loc":{"start":{"line":38,"column":12},"end":{"line":38,"column":50}},"type":"binary-expr","locations":[{"start":{"line":38,"column":12},"end":{"line":38,"column":36}},{"start":{"line":38,"column":40},"end":{"line":38,"column":50}}],"line":38},"5":{"loc":{"start":{"line":50,"column":12},"end":{"line":52,"column":13}},"type":"if","locations":[{"start":{"line":50,"column":12},"end":{"line":52,"column":13}},{"start":{},"end":{}}],"line":50}},"s":{"0":1,"1":13,"2":13,"3":13,"4":13,"5":13,"6":1,"7":20,"8":20,"9":13,"10":13,"11":13,"12":7,"13":7,"14":7,"15":12,"16":12,"17":30,"18":6,"19":6,"20":6,"21":6,"22":12,"23":12,"24":36,"25":5,"26":4},"f":{"0":13,"1":20,"2":30,"3":36,"4":5},"b":{"0":[1,12],"1":[13,12,12],"2":[13,7],"3":[6,24],"4":[30,24],"5":[4,1]},"_coverageSchema":"1a1c01bbd47fc00a2c39e90264f33305004495a9","hash":"0bd8e29cf5cef584b64170e8128159000bfaa819"}
,"/Users/kei/work/wordpress-site/wordpress/wp-content/themes/kei-portfolio/assets/js/portfolio-filter.js": {"path":"/Users/kei/work/wordpress-site/wordpress/wp-content/themes/kei-portfolio/assets/js/portfolio-filter.js","statementMap":{"0":{"start":{"line":5,"column":0},"end":{"line":44,"column":3}},"1":{"start":{"line":6,"column":26},"end":{"line":6,"column":75}},"2":{"start":{"line":7,"column":25},"end":{"line":7,"column":67}},"3":{"start":{"line":8,"column":22},"end":{"line":8,"column":59}},"4":{"start":{"line":10,"column":4},"end":{"line":43,"column":7}},"5":{"start":{"line":11,"column":8},"end":{"line":42,"column":11}},"6":{"start":{"line":12,"column":37},"end":{"line":12,"column":58}},"7":{"start":{"line":15,"column":12},"end":{"line":18,"column":15}},"8":{"start":{"line":16,"column":16},"end":{"line":16,"column":66}},"9":{"start":{"line":17,"column":16},"end":{"line":17,"column":84}},"10":{"start":{"line":19,"column":12},"end":{"line":19,"column":84}},"11":{"start":{"line":20,"column":12},"end":{"line":20,"column":60}},"12":{"start":{"line":23,"column":31},"end":{"line":23,"column":32}},"13":{"start":{"line":25,"column":12},"end":{"line":34,"column":15}},"14":{"start":{"line":26,"column":37},"end":{"line":26,"column":58}},"15":{"start":{"line":28,"column":16},"end":{"line":33,"column":17}},"16":{"start":{"line":29,"column":20},"end":{"line":29,"column":49}},"17":{"start":{"line":30,"column":20},"end":{"line":30,"column":35}},"18":{"start":{"line":32,"column":20},"end":{"line":32,"column":48}},"19":{"start":{"line":37,"column":12},"end":{"line":41,"column":13}},"20":{"start":{"line":38,"column":16},"end":{"line":38,"column":53}},"21":{"start":{"line":40,"column":16},"end":{"line":40,"column":50}}},"fnMap":{"0":{"name":"(anonymous_0)","decl":{"start":{"line":5,"column":46},"end":{"line":5,"column":47}},"loc":{"start":{"line":5,"column":57},"end":{"line":44,"column":1}},"line":5},"1":{"name":"(anonymous_1)","decl":{"start":{"line":10,"column":26},"end":{"line":10,"column":27}},"loc":{"start":{"line":10,"column":36},"end":{"line":43,"column":5}},"line":10},"2":{"name":"(anonymous_2)","decl":{"start":{"line":11,"column":41},"end":{"line":11,"column":42}},"loc":{"start":{"line":11,"column":52},"end":{"line":42,"column":9}},"line":11},"3":{"name":"(anonymous_3)","decl":{"start":{"line":15,"column":34},"end":{"line":15,"column":35}},"loc":{"start":{"line":15,"column":41},"end":{"line":18,"column":13}},"line":15},"4":{"name":"(anonymous_4)","decl":{"start":{"line":25,"column":33},"end":{"line":25,"column":34}},"loc":{"start":{"line":25,"column":41},"end":{"line":34,"column":13}},"line":25}},"branchMap":{"0":{"loc":{"start":{"line":28,"column":16},"end":{"line":33,"column":17}},"type":"if","locations":[{"start":{"line":28,"column":16},"end":{"line":33,"column":17}},{"start":{"line":31,"column":23},"end":{"line":33,"column":17}}],"line":28},"1":{"loc":{"start":{"line":28,"column":20},"end":{"line":28,"column":83}},"type":"binary-expr","locations":[{"start":{"line":28,"column":20},"end":{"line":28,"column":46}},{"start":{"line":28,"column":50},"end":{"line":28,"column":83}}],"line":28},"2":{"loc":{"start":{"line":37,"column":12},"end":{"line":41,"column":13}},"type":"if","locations":[{"start":{"line":37,"column":12},"end":{"line":41,"column":13}},{"start":{"line":39,"column":19},"end":{"line":41,"column":13}}],"line":37}},"s":{"0":1,"1":12,"2":12,"3":12,"4":12,"5":34,"6":14,"7":14,"8":46,"9":46,"10":14,"11":14,"12":14,"13":14,"14":47,"15":47,"16":22,"17":22,"18":25,"19":14,"20":2,"21":12},"f":{"0":12,"1":34,"2":14,"3":46,"4":47},"b":{"0":[22,25],"1":[47,38],"2":[2,12]},"_coverageSchema":"1a1c01bbd47fc00a2c39e90264f33305004495a9","hash":"a9eee44255ec9bc97d2452fdc5255e1ce6f61f44"}
,"/Users/kei/work/wordpress-site/wordpress/wp-content/themes/kei-portfolio/assets/js/technical-approach.js": {"path":"/Users/kei/work/wordpress-site/wordpress/wp-content/themes/kei-portfolio/assets/js/technical-approach.js","statementMap":{"0":{"start":{"line":5,"column":0},"end":{"line":77,"column":3}},"1":{"start":{"line":8,"column":27},"end":{"line":8,"column":67}},"2":{"start":{"line":10,"column":8},"end":{"line":22,"column":11}},"3":{"start":{"line":11,"column":31},"end":{"line":11,"column":64}},"4":{"start":{"line":12,"column":32},"end":{"line":12,"column":67}},"5":{"start":{"line":13,"column":28},"end":{"line":13,"column":69}},"6":{"start":{"line":15,"column":12},"end":{"line":21,"column":28}},"7":{"start":{"line":17,"column":16},"end":{"line":17,"column":59}},"8":{"start":{"line":20,"column":16},"end":{"line":20,"column":61}},"9":{"start":{"line":27,"column":22},"end":{"line":27,"column":33}},"10":{"start":{"line":28,"column":26},"end":{"line":28,"column":49}},"11":{"start":{"line":29,"column":22},"end":{"line":29,"column":27}},"12":{"start":{"line":31,"column":22},"end":{"line":38,"column":14}},"13":{"start":{"line":32,"column":12},"end":{"line":32,"column":33}},"14":{"start":{"line":33,"column":12},"end":{"line":36,"column":13}},"15":{"start":{"line":34,"column":16},"end":{"line":34,"column":30}},"16":{"start":{"line":35,"column":16},"end":{"line":35,"column":37}},"17":{"start":{"line":37,"column":12},"end":{"line":37,"column":60}},"18":{"start":{"line":42,"column":21},"end":{"line":49,"column":26}},"19":{"start":{"line":43,"column":8},"end":{"line":48,"column":11}},"20":{"start":{"line":44,"column":12},"end":{"line":47,"column":13}},"21":{"start":{"line":45,"column":16},"end":{"line":45,"column":38}},"22":{"start":{"line":46,"column":16},"end":{"line":46,"column":49}},"23":{"start":{"line":51,"column":26},"end":{"line":51,"column":62}},"24":{"start":{"line":52,"column":4},"end":{"line":54,"column":5}},"25":{"start":{"line":53,"column":8},"end":{"line":53,"column":40}},"26":{"start":{"line":57,"column":26},"end":{"line":57,"column":69}},"27":{"start":{"line":58,"column":4},"end":{"line":67,"column":7}},"28":{"start":{"line":59,"column":8},"end":{"line":62,"column":11}},"29":{"start":{"line":60,"column":12},"end":{"line":60,"column":54}},"30":{"start":{"line":61,"column":12},"end":{"line":61,"column":58}},"31":{"start":{"line":64,"column":8},"end":{"line":66,"column":11}},"32":{"start":{"line":65,"column":12},"end":{"line":65,"column":51}},"33":{"start":{"line":70,"column":24},"end":{"line":70,"column":63}},"34":{"start":{"line":71,"column":4},"end":{"line":76,"column":5}},"35":{"start":{"line":72,"column":8},"end":{"line":75,"column":11}},"36":{"start":{"line":74,"column":12},"end":{"line":74,"column":46}}},"fnMap":{"0":{"name":"(anonymous_0)","decl":{"start":{"line":5,"column":46},"end":{"line":5,"column":47}},"loc":{"start":{"line":5,"column":57},"end":{"line":77,"column":1}},"line":5},"1":{"name":"animateProgressBars","decl":{"start":{"line":7,"column":13},"end":{"line":7,"column":32}},"loc":{"start":{"line":7,"column":35},"end":{"line":23,"column":5}},"line":7},"2":{"name":"(anonymous_2)","decl":{"start":{"line":10,"column":27},"end":{"line":10,"column":28}},"loc":{"start":{"line":10,"column":44},"end":{"line":22,"column":9}},"line":10},"3":{"name":"(anonymous_3)","decl":{"start":{"line":15,"column":23},"end":{"line":15,"column":24}},"loc":{"start":{"line":15,"column":29},"end":{"line":21,"column":13}},"line":15},"4":{"name":"animateCounter","decl":{"start":{"line":26,"column":13},"end":{"line":26,"column":27}},"loc":{"start":{"line":26,"column":59},"end":{"line":39,"column":5}},"line":26},"5":{"name":"(anonymous_5)","decl":{"start":{"line":31,"column":34},"end":{"line":31,"column":35}},"loc":{"start":{"line":31,"column":40},"end":{"line":38,"column":9}},"line":31},"6":{"name":"(anonymous_6)","decl":{"start":{"line":42,"column":46},"end":{"line":42,"column":47}},"loc":{"start":{"line":42,"column":59},"end":{"line":49,"column":5}},"line":42},"7":{"name":"(anonymous_7)","decl":{"start":{"line":43,"column":24},"end":{"line":43,"column":25}},"loc":{"start":{"line":43,"column":33},"end":{"line":48,"column":9}},"line":43},"8":{"name":"(anonymous_8)","decl":{"start":{"line":58,"column":26},"end":{"line":58,"column":27}},"loc":{"start":{"line":58,"column":34},"end":{"line":67,"column":5}},"line":58},"9":{"name":"(anonymous_9)","decl":{"start":{"line":59,"column":44},"end":{"line":59,"column":45}},"loc":{"start":{"line":59,"column":55},"end":{"line":62,"column":9}},"line":59},"10":{"name":"(anonymous_10)","decl":{"start":{"line":64,"column":44},"end":{"line":64,"column":45}},"loc":{"start":{"line":64,"column":55},"end":{"line":66,"column":9}},"line":64},"11":{"name":"(anonymous_11)","decl":{"start":{"line":72,"column":46},"end":{"line":72,"column":47}},"loc":{"start":{"line":72,"column":57},"end":{"line":75,"column":9}},"line":72}},"branchMap":{"0":{"loc":{"start":{"line":33,"column":12},"end":{"line":36,"column":13}},"type":"if","locations":[{"start":{"line":33,"column":12},"end":{"line":36,"column":13}},{"start":{},"end":{}}],"line":33},"1":{"loc":{"start":{"line":44,"column":12},"end":{"line":47,"column":13}},"type":"if","locations":[{"start":{"line":44,"column":12},"end":{"line":47,"column":13}},{"start":{},"end":{}}],"line":44},"2":{"loc":{"start":{"line":52,"column":4},"end":{"line":54,"column":5}},"type":"if","locations":[{"start":{"line":52,"column":4},"end":{"line":54,"column":5}},{"start":{},"end":{}}],"line":52},"3":{"loc":{"start":{"line":71,"column":4},"end":{"line":76,"column":5}},"type":"if","locations":[{"start":{"line":71,"column":4},"end":{"line":76,"column":5}},{"start":{},"end":{}}],"line":71}},"s":{"0":0,"1":0,"2":0,"3":0,"4":0,"5":0,"6":0,"7":0,"8":0,"9":0,"10":0,"11":0,"12":0,"13":0,"14":0,"15":0,"16":0,"17":0,"18":0,"19":0,"20":0,"21":0,"22":0,"23":0,"24":0,"25":0,"26":0,"27":0,"28":0,"29":0,"30":0,"31":0,"32":0,"33":0,"34":0,"35":0,"36":0},"f":{"0":0,"1":0,"2":0,"3":0,"4":0,"5":0,"6":0,"7":0,"8":0,"9":0,"10":0,"11":0},"b":{"0":[0,0],"1":[0,0],"2":[0,0],"3":[0,0]}}
}
