TN:
SF:assets/js/contact-form.js
FN:7,(anonymous_0)
FN:18,(anonymous_1)
FN:32,(anonymous_2)
FN:55,(anonymous_3)
FN:72,(anonymous_4)
FN:76,(anonymous_5)
FN:83,(anonymous_6)
FNF:7
FNH:0
FNDA:0,(anonymous_0)
FNDA:0,(anonymous_1)
FNDA:0,(anonymous_2)
FNDA:0,(anonymous_3)
FNDA:0,(anonymous_4)
FNDA:0,(anonymous_5)
FNDA:0,(anonymous_6)
DA:7,0
DA:8,0
DA:9,0
DA:10,0
DA:11,0
DA:12,0
DA:13,0
DA:14,0
DA:15,0
DA:18,0
DA:19,0
DA:20,0
DA:22,0
DA:23,0
DA:24,0
DA:26,0
DA:27,0
DA:32,0
DA:33,0
DA:36,0
DA:37,0
DA:40,0
DA:41,0
DA:42,0
DA:45,0
DA:46,0
DA:49,0
DA:56,0
DA:58,0
DA:59,0
DA:60,0
DA:63,0
DA:68,0
DA:69,0
DA:74,0
DA:78,0
DA:79,0
DA:80,0
DA:83,0
DA:84,0
DA:85,0
LF:41
LH:0
BRDA:22,0,0,0
BRDA:22,0,1,0
BRDA:56,1,0,0
BRDA:56,1,1,0
BRDA:68,2,0,0
BRDA:68,2,1,0
BRF:6
BRH:0
end_of_record
TN:
SF:assets/js/main.js
FN:5,(anonymous_0)
FN:12,(anonymous_1)
FN:21,(anonymous_2)
FN:22,(anonymous_3)
FN:42,(anonymous_4)
FN:61,(anonymous_5)
FN:62,(anonymous_6)
FN:69,(anonymous_7)
FN:78,applyFilters
FN:102,validateForm
FN:106,(anonymous_10)
FN:119,(anonymous_11)
FN:123,(anonymous_12)
FNF:13
FNH:13
FNDA:11,(anonymous_0)
FNDA:2,(anonymous_1)
FNDA:9,(anonymous_2)
FNDA:4,(anonymous_3)
FNDA:2,(anonymous_4)
FNDA:1,(anonymous_5)
FNDA:1,(anonymous_6)
FNDA:3,(anonymous_7)
FNDA:1,applyFilters
FNDA:2,validateForm
FNDA:6,(anonymous_10)
FNDA:11,(anonymous_11)
FNDA:2,(anonymous_12)
DA:5,1
DA:8,11
DA:9,11
DA:11,11
DA:12,2
DA:13,2
DA:14,2
DA:21,11
DA:22,9
DA:23,4
DA:24,4
DA:25,2
DA:26,2
DA:27,1
DA:28,1
DA:38,11
DA:39,11
DA:41,11
DA:42,1
DA:43,2
DA:45,2
DA:46,1
DA:48,1
DA:51,2
DA:56,11
DA:61,11
DA:62,1
DA:63,1
DA:64,1
DA:69,11
DA:70,3
DA:74,11
DA:75,11
DA:76,11
DA:79,1
DA:81,1
DA:82,1
DA:84,1
DA:85,1
DA:87,1
DA:88,0
DA:91,1
DA:92,1
DA:93,1
DA:96,11
DA:97,11
DA:98,11
DA:103,2
DA:104,2
DA:106,2
DA:107,6
DA:108,2
DA:109,2
DA:111,4
DA:115,2
DA:119,1
DA:120,11
DA:122,11
DA:123,2
DA:124,2
DA:125,1
DA:126,1
LF:62
LH:61
BRDA:11,0,0,2
BRDA:11,0,1,9
BRDA:11,1,0,11
BRDA:11,1,1,2
BRDA:15,2,0,1
BRDA:15,2,1,1
BRDA:24,3,0,2
BRDA:24,3,1,2
BRDA:24,4,0,4
BRDA:24,4,1,3
BRDA:26,5,0,1
BRDA:26,5,1,1
BRDA:41,6,0,1
BRDA:41,6,1,10
BRDA:45,7,0,1
BRDA:45,7,1,1
BRDA:63,8,0,1
BRDA:63,8,1,0
BRDA:81,9,0,1
BRDA:81,9,1,0
BRDA:81,10,0,1
BRDA:81,10,1,1
BRDA:84,11,0,1
BRDA:84,11,1,0
BRDA:84,12,0,1
BRDA:84,12,1,1
BRDA:87,13,0,0
BRDA:87,13,1,1
BRDA:87,14,0,1
BRDA:87,14,1,1
BRDA:92,15,0,1
BRDA:92,15,1,0
BRDA:96,16,0,2
BRDA:96,16,1,9
BRDA:97,17,0,2
BRDA:97,17,1,9
BRDA:98,18,0,2
BRDA:98,18,1,9
BRDA:107,19,0,2
BRDA:107,19,1,4
BRDA:122,20,0,2
BRDA:122,20,1,9
BRDA:124,21,0,1
BRDA:124,21,1,1
BRF:44
BRH:39
end_of_record
TN:
SF:assets/js/navigation.js
FN:4,(anonymous_0)
FN:17,toggleMobileMenu
FN:36,(anonymous_2)
FN:48,(anonymous_3)
FN:49,(anonymous_4)
FNF:5
FNH:5
FNDA:13,(anonymous_0)
FNDA:20,toggleMobileMenu
FNDA:30,(anonymous_2)
FNDA:36,(anonymous_3)
FNDA:5,(anonymous_4)
DA:4,1
DA:6,13
DA:8,13
DA:9,13
DA:10,13
DA:12,13
DA:13,1
DA:18,20
DA:21,20
DA:22,13
DA:23,13
DA:24,13
DA:26,7
DA:27,7
DA:28,7
DA:33,12
DA:36,12
DA:38,30
DA:39,6
DA:40,6
DA:41,6
DA:42,6
DA:47,12
DA:48,12
DA:49,36
DA:50,5
DA:51,4
LF:27
LH:27
BRDA:12,0,0,1
BRDA:12,0,1,12
BRDA:12,1,0,13
BRDA:12,1,1,12
BRDA:12,1,2,12
BRDA:21,2,0,13
BRDA:21,2,1,7
BRDA:38,3,0,6
BRDA:38,3,1,24
BRDA:38,4,0,30
BRDA:38,4,1,24
BRDA:50,5,0,4
BRDA:50,5,1,1
BRF:13
BRH:13
end_of_record
TN:
SF:assets/js/portfolio-filter.js
FN:5,(anonymous_0)
FN:10,(anonymous_1)
FN:11,(anonymous_2)
FN:15,(anonymous_3)
FN:25,(anonymous_4)
FNF:5
FNH:5
FNDA:12,(anonymous_0)
FNDA:34,(anonymous_1)
FNDA:14,(anonymous_2)
FNDA:46,(anonymous_3)
FNDA:47,(anonymous_4)
DA:5,1
DA:6,12
DA:7,12
DA:8,12
DA:10,12
DA:11,34
DA:12,14
DA:15,14
DA:16,46
DA:17,46
DA:19,14
DA:20,14
DA:23,14
DA:25,14
DA:26,47
DA:28,47
DA:29,22
DA:30,22
DA:32,25
DA:37,14
DA:38,2
DA:40,12
LF:22
LH:22
BRDA:28,0,0,22
BRDA:28,0,1,25
BRDA:28,1,0,47
BRDA:28,1,1,38
BRDA:37,2,0,2
BRDA:37,2,1,12
BRF:6
BRH:6
end_of_record
TN:
SF:assets/js/technical-approach.js
FN:5,(anonymous_0)
FN:7,animateProgressBars
FN:10,(anonymous_2)
FN:15,(anonymous_3)
FN:26,animateCounter
FN:31,(anonymous_5)
FN:42,(anonymous_6)
FN:43,(anonymous_7)
FN:58,(anonymous_8)
FN:59,(anonymous_9)
FN:64,(anonymous_10)
FN:72,(anonymous_11)
FNF:12
FNH:0
FNDA:0,(anonymous_0)
FNDA:0,animateProgressBars
FNDA:0,(anonymous_2)
FNDA:0,(anonymous_3)
FNDA:0,animateCounter
FNDA:0,(anonymous_5)
FNDA:0,(anonymous_6)
FNDA:0,(anonymous_7)
FNDA:0,(anonymous_8)
FNDA:0,(anonymous_9)
FNDA:0,(anonymous_10)
FNDA:0,(anonymous_11)
DA:5,0
DA:8,0
DA:10,0
DA:11,0
DA:12,0
DA:13,0
DA:15,0
DA:17,0
DA:20,0
DA:27,0
DA:28,0
DA:29,0
DA:31,0
DA:32,0
DA:33,0
DA:34,0
DA:35,0
DA:37,0
DA:42,0
DA:43,0
DA:44,0
DA:45,0
DA:46,0
DA:51,0
DA:52,0
DA:53,0
DA:57,0
DA:58,0
DA:59,0
DA:60,0
DA:61,0
DA:64,0
DA:65,0
DA:70,0
DA:71,0
DA:72,0
DA:74,0
LF:37
LH:0
BRDA:33,0,0,0
BRDA:33,0,1,0
BRDA:44,1,0,0
BRDA:44,1,1,0
BRDA:52,2,0,0
BRDA:52,2,1,0
BRDA:71,3,0,0
BRDA:71,3,1,0
BRF:8
BRH:0
end_of_record
